This is pdfTeX, Version 3.14159265-2.6-1.40.19 (TeX Live 2019/dev/Debian) (preloaded format=pdflatex 2019.4.30)  23 JUL 2019 14:21
entering extended mode
 restricted \write18 enabled.
 %&-line parsing enabled.
**konventionen.tex
(./konventionen.tex
LaTeX2e <2018-12-01>
(../../Templates/snetTeaching.cls

LaTeX Warning: You have requested document class `../../Templates/snetTeaching'
,
               but the document class provides `snetTeaching'.

Document Class: snetTeaching 2016/04/01 Lehre SNET
Class snetTeaching Info: 2016/04/01 v0.2 style for SNET Teaching Tasks, K. Grun
ert on input line 14.
(/usr/share/texlive/texmf-dist/tex/latex/oberdiek/kvoptions.sty
Package: kvoptions 2016/05/16 v3.12 Key value format for package options (HO)

(/usr/share/texlive/texmf-dist/tex/latex/graphics/keyval.sty
Package: keyval 2014/10/28 v1.15 key=value parser (DPC)
\KV@toks@=\toks14
)
(/usr/share/texlive/texmf-dist/tex/generic/oberdiek/ltxcmds.sty
Package: ltxcmds 2016/05/16 v1.23 LaTeX kernel commands for general use (HO)
)
(/usr/share/texlive/texmf-dist/tex/generic/oberdiek/kvsetkeys.sty
Package: kvsetkeys 2016/05/16 v1.17 Key value parser (HO)

(/usr/share/texlive/texmf-dist/tex/generic/oberdiek/infwarerr.sty
Package: infwarerr 2016/05/16 v1.4 Providing info/warning/error messages (HO)
)
(/usr/share/texlive/texmf-dist/tex/generic/oberdiek/etexcmds.sty
Package: etexcmds 2016/05/16 v1.6 Avoid name clashes with e-TeX commands (HO)

(/usr/share/texlive/texmf-dist/tex/generic/oberdiek/ifluatex.sty
Package: ifluatex 2016/05/16 v1.4 Provides the ifluatex switch (HO)
Package ifluatex Info: LuaTeX not detected.
))))
Die gew\IeC {\"a}hlte L\IeC {\"o}sungsfarbe ist: BlueViolet
Class snetTeaching Info: Achtung: nicht spezifizierte Option 12pt; weiterreiche
n an article-Class on input line 90.
(/usr/share/texlive/texmf-dist/tex/latex/base/report.cls
Document Class: report 2018/09/03 v1.4i Standard LaTeX document class
(/usr/share/texlive/texmf-dist/tex/latex/base/size10.clo
File: size10.clo 2018/09/03 v1.4i Standard LaTeX file (size option)
)
\c@part=\count80
\c@chapter=\count81
\c@section=\count82
\c@subsection=\count83
\c@subsubsection=\count84
\c@paragraph=\count85
\c@subparagraph=\count86
\c@figure=\count87
\c@table=\count88
\abovecaptionskip=\skip41
\belowcaptionskip=\skip42
\bibindent=\dimen102
)
(/usr/share/texlive/texmf-dist/tex/latex/base/inputenc.sty
Package: inputenc 2018/08/11 v1.3c Input encoding file
\inpenc@prehook=\toks15
\inpenc@posthook=\toks16
)
(/usr/share/texlive/texmf-dist/tex/latex/base/fontenc.sty
Package: fontenc 2018/08/11 v2.0j Standard LaTeX package

(/usr/share/texlive/texmf-dist/tex/latex/base/t1enc.def
File: t1enc.def 2018/08/11 v2.0j Standard LaTeX file
LaTeX Font Info:    Redeclaring font encoding T1 on input line 48.
))
(/usr/share/texmf/tex/latex/lm/lmodern.sty
Package: lmodern 2009/10/30 v1.6 Latin Modern Fonts
LaTeX Font Info:    Overwriting symbol font `operators' in version `normal'
(Font)                  OT1/cmr/m/n --> OT1/lmr/m/n on input line 22.
LaTeX Font Info:    Overwriting symbol font `letters' in version `normal'
(Font)                  OML/cmm/m/it --> OML/lmm/m/it on input line 23.
LaTeX Font Info:    Overwriting symbol font `symbols' in version `normal'
(Font)                  OMS/cmsy/m/n --> OMS/lmsy/m/n on input line 24.
LaTeX Font Info:    Overwriting symbol font `largesymbols' in version `normal'
(Font)                  OMX/cmex/m/n --> OMX/lmex/m/n on input line 25.
LaTeX Font Info:    Overwriting symbol font `operators' in version `bold'
(Font)                  OT1/cmr/bx/n --> OT1/lmr/bx/n on input line 26.
LaTeX Font Info:    Overwriting symbol font `letters' in version `bold'
(Font)                  OML/cmm/b/it --> OML/lmm/b/it on input line 27.
LaTeX Font Info:    Overwriting symbol font `symbols' in version `bold'
(Font)                  OMS/cmsy/b/n --> OMS/lmsy/b/n on input line 28.
LaTeX Font Info:    Overwriting symbol font `largesymbols' in version `bold'
(Font)                  OMX/cmex/m/n --> OMX/lmex/m/n on input line 29.
LaTeX Font Info:    Overwriting math alphabet `\mathbf' in version `normal'
(Font)                  OT1/cmr/bx/n --> OT1/lmr/bx/n on input line 31.
LaTeX Font Info:    Overwriting math alphabet `\mathsf' in version `normal'
(Font)                  OT1/cmss/m/n --> OT1/lmss/m/n on input line 32.
LaTeX Font Info:    Overwriting math alphabet `\mathit' in version `normal'
(Font)                  OT1/cmr/m/it --> OT1/lmr/m/it on input line 33.
LaTeX Font Info:    Overwriting math alphabet `\mathtt' in version `normal'
(Font)                  OT1/cmtt/m/n --> OT1/lmtt/m/n on input line 34.
LaTeX Font Info:    Overwriting math alphabet `\mathbf' in version `bold'
(Font)                  OT1/cmr/bx/n --> OT1/lmr/bx/n on input line 35.
LaTeX Font Info:    Overwriting math alphabet `\mathsf' in version `bold'
(Font)                  OT1/cmss/bx/n --> OT1/lmss/bx/n on input line 36.
LaTeX Font Info:    Overwriting math alphabet `\mathit' in version `bold'
(Font)                  OT1/cmr/bx/it --> OT1/lmr/bx/it on input line 37.
LaTeX Font Info:    Overwriting math alphabet `\mathtt' in version `bold'
(Font)                  OT1/cmtt/m/n --> OT1/lmtt/m/n on input line 38.
)
(/usr/share/texlive/texmf-dist/tex/latex/base/textcomp.sty
Package: textcomp 2018/08/11 v2.0j Standard LaTeX package
Package textcomp Info: Sub-encoding information:
(textcomp)               5 = only ISO-Adobe without \textcurrency
(textcomp)               4 = 5 + \texteuro
(textcomp)               3 = 4 + \textohm
(textcomp)               2 = 3 + \textestimated + \textcurrency
(textcomp)               1 = TS1 - \textcircled - \t
(textcomp)               0 = TS1 (full)
(textcomp)             Font families with sub-encoding setting implement
(textcomp)             only a restricted character set as indicated.
(textcomp)             Family '?' is the default used for unknown fonts.
(textcomp)             See the documentation for details.
Package textcomp Info: Setting ? sub-encoding to TS1/1 on input line 79.

(/usr/share/texlive/texmf-dist/tex/latex/base/ts1enc.def
File: ts1enc.def 2001/06/05 v3.0e (jk/car/fm) Standard LaTeX file
Now handling font encoding TS1 ...
... processing UTF-8 mapping file for font encoding TS1

(/usr/share/texlive/texmf-dist/tex/latex/base/ts1enc.dfu
File: ts1enc.dfu 2018/10/05 v1.2f UTF-8 support for inputenc
   defining Unicode char U+00A2 (decimal 162)
   defining Unicode char U+00A3 (decimal 163)
   defining Unicode char U+00A4 (decimal 164)
   defining Unicode char U+00A5 (decimal 165)
   defining Unicode char U+00A6 (decimal 166)
   defining Unicode char U+00A7 (decimal 167)
   defining Unicode char U+00A8 (decimal 168)
   defining Unicode char U+00A9 (decimal 169)
   defining Unicode char U+00AA (decimal 170)
   defining Unicode char U+00AC (decimal 172)
   defining Unicode char U+00AE (decimal 174)
   defining Unicode char U+00AF (decimal 175)
   defining Unicode char U+00B0 (decimal 176)
   defining Unicode char U+00B1 (decimal 177)
   defining Unicode char U+00B2 (decimal 178)
   defining Unicode char U+00B3 (decimal 179)
   defining Unicode char U+00B4 (decimal 180)
   defining Unicode char U+00B5 (decimal 181)
   defining Unicode char U+00B6 (decimal 182)
   defining Unicode char U+00B7 (decimal 183)
   defining Unicode char U+00B9 (decimal 185)
   defining Unicode char U+00BA (decimal 186)
   defining Unicode char U+00BC (decimal 188)
   defining Unicode char U+00BD (decimal 189)
   defining Unicode char U+00BE (decimal 190)
   defining Unicode char U+00D7 (decimal 215)
   defining Unicode char U+00F7 (decimal 247)
   defining Unicode char U+0192 (decimal 402)
   defining Unicode char U+02C7 (decimal 711)
   defining Unicode char U+02D8 (decimal 728)
   defining Unicode char U+02DD (decimal 733)
   defining Unicode char U+0E3F (decimal 3647)
   defining Unicode char U+2016 (decimal 8214)
   defining Unicode char U+2020 (decimal 8224)
   defining Unicode char U+2021 (decimal 8225)
   defining Unicode char U+2022 (decimal 8226)
   defining Unicode char U+2030 (decimal 8240)
   defining Unicode char U+2031 (decimal 8241)
   defining Unicode char U+203B (decimal 8251)
   defining Unicode char U+203D (decimal 8253)
   defining Unicode char U+2044 (decimal 8260)
   defining Unicode char U+204E (decimal 8270)
   defining Unicode char U+2052 (decimal 8274)
   defining Unicode char U+20A1 (decimal 8353)
   defining Unicode char U+20A4 (decimal 8356)
   defining Unicode char U+20A6 (decimal 8358)
   defining Unicode char U+20A9 (decimal 8361)
   defining Unicode char U+20AB (decimal 8363)
   defining Unicode char U+20AC (decimal 8364)
   defining Unicode char U+20B1 (decimal 8369)
   defining Unicode char U+2103 (decimal 8451)
   defining Unicode char U+2116 (decimal 8470)
   defining Unicode char U+2117 (decimal 8471)
   defining Unicode char U+211E (decimal 8478)
   defining Unicode char U+2120 (decimal 8480)
   defining Unicode char U+2122 (decimal 8482)
   defining Unicode char U+2126 (decimal 8486)
   defining Unicode char U+2127 (decimal 8487)
   defining Unicode char U+212E (decimal 8494)
   defining Unicode char U+2190 (decimal 8592)
   defining Unicode char U+2191 (decimal 8593)
   defining Unicode char U+2192 (decimal 8594)
   defining Unicode char U+2193 (decimal 8595)
   defining Unicode char U+2329 (decimal 9001)
   defining Unicode char U+232A (decimal 9002)
   defining Unicode char U+2422 (decimal 9250)
   defining Unicode char U+25E6 (decimal 9702)
   defining Unicode char U+25EF (decimal 9711)
   defining Unicode char U+266A (decimal 9834)
   defining Unicode char U+FEFF (decimal 65279)
))
LaTeX Info: Redefining \oldstylenums on input line 334.
Package textcomp Info: Setting cmr sub-encoding to TS1/0 on input line 349.
Package textcomp Info: Setting cmss sub-encoding to TS1/0 on input line 350.
Package textcomp Info: Setting cmtt sub-encoding to TS1/0 on input line 351.
Package textcomp Info: Setting cmvtt sub-encoding to TS1/0 on input line 352.
Package textcomp Info: Setting cmbr sub-encoding to TS1/0 on input line 353.
Package textcomp Info: Setting cmtl sub-encoding to TS1/0 on input line 354.
Package textcomp Info: Setting ccr sub-encoding to TS1/0 on input line 355.
Package textcomp Info: Setting ptm sub-encoding to TS1/4 on input line 356.
Package textcomp Info: Setting pcr sub-encoding to TS1/4 on input line 357.
Package textcomp Info: Setting phv sub-encoding to TS1/4 on input line 358.
Package textcomp Info: Setting ppl sub-encoding to TS1/3 on input line 359.
Package textcomp Info: Setting pag sub-encoding to TS1/4 on input line 360.
Package textcomp Info: Setting pbk sub-encoding to TS1/4 on input line 361.
Package textcomp Info: Setting pnc sub-encoding to TS1/4 on input line 362.
Package textcomp Info: Setting pzc sub-encoding to TS1/4 on input line 363.
Package textcomp Info: Setting bch sub-encoding to TS1/4 on input line 364.
Package textcomp Info: Setting put sub-encoding to TS1/5 on input line 365.
Package textcomp Info: Setting uag sub-encoding to TS1/5 on input line 366.
Package textcomp Info: Setting ugq sub-encoding to TS1/5 on input line 367.
Package textcomp Info: Setting ul8 sub-encoding to TS1/4 on input line 368.
Package textcomp Info: Setting ul9 sub-encoding to TS1/4 on input line 369.
Package textcomp Info: Setting augie sub-encoding to TS1/5 on input line 370.
Package textcomp Info: Setting dayrom sub-encoding to TS1/3 on input line 371.
Package textcomp Info: Setting dayroms sub-encoding to TS1/3 on input line 372.

Package textcomp Info: Setting pxr sub-encoding to TS1/0 on input line 373.
Package textcomp Info: Setting pxss sub-encoding to TS1/0 on input line 374.
Package textcomp Info: Setting pxtt sub-encoding to TS1/0 on input line 375.
Package textcomp Info: Setting txr sub-encoding to TS1/0 on input line 376.
Package textcomp Info: Setting txss sub-encoding to TS1/0 on input line 377.
Package textcomp Info: Setting txtt sub-encoding to TS1/0 on input line 378.
Package textcomp Info: Setting lmr sub-encoding to TS1/0 on input line 379.
Package textcomp Info: Setting lmdh sub-encoding to TS1/0 on input line 380.
Package textcomp Info: Setting lmss sub-encoding to TS1/0 on input line 381.
Package textcomp Info: Setting lmssq sub-encoding to TS1/0 on input line 382.
Package textcomp Info: Setting lmvtt sub-encoding to TS1/0 on input line 383.
Package textcomp Info: Setting lmtt sub-encoding to TS1/0 on input line 384.
Package textcomp Info: Setting qhv sub-encoding to TS1/0 on input line 385.
Package textcomp Info: Setting qag sub-encoding to TS1/0 on input line 386.
Package textcomp Info: Setting qbk sub-encoding to TS1/0 on input line 387.
Package textcomp Info: Setting qcr sub-encoding to TS1/0 on input line 388.
Package textcomp Info: Setting qcs sub-encoding to TS1/0 on input line 389.
Package textcomp Info: Setting qpl sub-encoding to TS1/0 on input line 390.
Package textcomp Info: Setting qtm sub-encoding to TS1/0 on input line 391.
Package textcomp Info: Setting qzc sub-encoding to TS1/0 on input line 392.
Package textcomp Info: Setting qhvc sub-encoding to TS1/0 on input line 393.
Package textcomp Info: Setting futs sub-encoding to TS1/4 on input line 394.
Package textcomp Info: Setting futx sub-encoding to TS1/4 on input line 395.
Package textcomp Info: Setting futj sub-encoding to TS1/4 on input line 396.
Package textcomp Info: Setting hlh sub-encoding to TS1/3 on input line 397.
Package textcomp Info: Setting hls sub-encoding to TS1/3 on input line 398.
Package textcomp Info: Setting hlst sub-encoding to TS1/3 on input line 399.
Package textcomp Info: Setting hlct sub-encoding to TS1/5 on input line 400.
Package textcomp Info: Setting hlx sub-encoding to TS1/5 on input line 401.
Package textcomp Info: Setting hlce sub-encoding to TS1/5 on input line 402.
Package textcomp Info: Setting hlcn sub-encoding to TS1/5 on input line 403.
Package textcomp Info: Setting hlcw sub-encoding to TS1/5 on input line 404.
Package textcomp Info: Setting hlcf sub-encoding to TS1/5 on input line 405.
Package textcomp Info: Setting pplx sub-encoding to TS1/3 on input line 406.
Package textcomp Info: Setting pplj sub-encoding to TS1/3 on input line 407.
Package textcomp Info: Setting ptmx sub-encoding to TS1/4 on input line 408.
Package textcomp Info: Setting ptmj sub-encoding to TS1/4 on input line 409.
)
(/usr/share/texlive/texmf-dist/tex/latex/microtype/microtype.sty
Package: microtype 2018/01/14 v2.7a Micro-typographical refinements (RS)
\MT@toks=\toks17
\MT@count=\count89
LaTeX Info: Redefining \textls on input line 793.
\MT@outer@kern=\dimen103
LaTeX Info: Redefining \textmicrotypecontext on input line 1339.
\MT@listname@count=\count90

(/usr/share/texlive/texmf-dist/tex/latex/microtype/microtype-pdftex.def
File: microtype-pdftex.def 2018/01/14 v2.7a Definitions specific to pdftex (RS)

LaTeX Info: Redefining \lsstyle on input line 913.
LaTeX Info: Redefining \lslig on input line 913.
\MT@outer@space=\skip43
)
Package microtype Info: Loading configuration file microtype.cfg.

(/usr/share/texlive/texmf-dist/tex/latex/microtype/microtype.cfg
File: microtype.cfg 2018/01/14 v2.7a microtype main configuration file (RS)
))
(/usr/share/texlive/texmf-dist/tex/generic/babel/babel.sty
Package: babel 2018/11/13 3.27 The Babel package

(/usr/share/texlive/texmf-dist/tex/generic/babel/switch.def
File: switch.def 2018/11/13 3.27 Babel switching mechanism
)
(/usr/share/texlive/texmf-dist/tex/generic/babel-german/ngerman.ldf
Language: ngerman 2018/12/08 v2.11 German support for babel (post-1996 orthogra
phy)

(/usr/share/texlive/texmf-dist/tex/generic/babel-german/ngermanb.ldf
Language: ngermanb 2018/12/08 v2.11 German support for babel (post-1996 orthogr
aphy)

(/usr/share/texlive/texmf-dist/tex/generic/babel/babel.def
File: babel.def 2018/11/13 3.27 Babel common definitions
\babel@savecnt=\count91
\U@D=\dimen104

(/usr/share/texlive/texmf-dist/tex/generic/babel/txtbabel.def)
\bbl@dirlevel=\count92
)
Package babel Info: Making " an active character on input line 121.
)))
(/usr/share/texlive/texmf-dist/tex/latex/ae/ae.sty
Package: ae 2001/02/12 1.3 Almost European Computer Modern

(/usr/share/texlive/texmf-dist/tex/latex/base/fontenc.sty
Package: fontenc 2018/08/11 v2.0j Standard LaTeX package

(/usr/share/texlive/texmf-dist/tex/latex/base/t1enc.def
File: t1enc.def 2018/08/11 v2.0j Standard LaTeX file
LaTeX Font Info:    Redeclaring font encoding T1 on input line 48.
)
LaTeX Font Info:    Try loading font information for T1+aer on input line 105.

(/usr/share/texlive/texmf-dist/tex/latex/ae/t1aer.fd
File: t1aer.fd 1997/11/16 Font definitions for T1/aer.
)))
(/usr/share/texlive/texmf-dist/tex/latex/psnfss/pifont.sty
Package: pifont 2005/04/12 PSNFSS-v9.2a Pi font support (SPQR) 
LaTeX Font Info:    Try loading font information for U+pzd on input line 63.

(/usr/share/texlive/texmf-dist/tex/latex/psnfss/upzd.fd
File: upzd.fd 2001/06/04 font definitions for U/pzd.
)
LaTeX Font Info:    Try loading font information for U+psy on input line 64.

(/usr/share/texlive/texmf-dist/tex/latex/psnfss/upsy.fd
File: upsy.fd 2001/06/04 font definitions for U/psy.
))
(/usr/share/texlive/texmf-dist/tex/latex/psnfss/times.sty
Package: times 2005/04/12 PSNFSS-v9.2a (SPQR) 
)
(/usr/share/texlive/texmf-dist/tex/latex/xcolor/xcolor.sty
Package: xcolor 2016/05/11 v2.12 LaTeX color extensions (UK)

(/usr/share/texlive/texmf-dist/tex/latex/graphics-cfg/color.cfg
File: color.cfg 2016/01/02 v1.6 sample color configuration
)
Package xcolor Info: Driver file: pdftex.def on input line 225.

(/usr/share/texlive/texmf-dist/tex/latex/graphics-def/pdftex.def
File: pdftex.def 2018/01/08 v1.0l Graphics/color driver for pdftex
)
Package xcolor Info: Model `cmy' substituted by `cmy0' on input line 1348.
Package xcolor Info: Model `hsb' substituted by `rgb' on input line 1352.
Package xcolor Info: Model `RGB' extended on input line 1364.
Package xcolor Info: Model `HTML' substituted by `rgb' on input line 1366.
Package xcolor Info: Model `Hsb' substituted by `hsb' on input line 1367.
Package xcolor Info: Model `tHsb' substituted by `hsb' on input line 1368.
Package xcolor Info: Model `HSB' substituted by `hsb' on input line 1369.
Package xcolor Info: Model `Gray' substituted by `gray' on input line 1370.
Package xcolor Info: Model `wave' substituted by `hsb' on input line 1371.

(/usr/share/texlive/texmf-dist/tex/latex/graphics/dvipsnam.def
File: dvipsnam.def 2016/06/17 v3.0m Driver-dependent file (DPC,SPQR)
))
(/usr/share/texlive/texmf-dist/tex/latex/base/ifthen.sty
Package: ifthen 2014/09/29 v1.1c Standard LaTeX ifthen package (DPC)
)
(/usr/share/texlive/texmf-dist/tex/latex/todonotes/todonotes.sty
Package: todonotes 2019/01/24 v1.1.2 Todonotes source and documentation.
Package: todonotes 2018/11/22

(/usr/share/texlive/texmf-dist/tex/latex/xkeyval/xkeyval.sty
Package: xkeyval 2014/12/03 v2.7a package option processing (HA)

(/usr/share/texlive/texmf-dist/tex/generic/xkeyval/xkeyval.tex
(/usr/share/texlive/texmf-dist/tex/generic/xkeyval/xkvutils.tex
\XKV@toks=\toks18
\XKV@tempa@toks=\toks19
)
\XKV@depth=\count93
File: xkeyval.tex 2014/12/03 v2.7a key=value parser (HA)
))
(/usr/share/texlive/texmf-dist/tex/latex/pgf/frontendlayer/tikz.sty
(/usr/share/texlive/texmf-dist/tex/latex/pgf/basiclayer/pgf.sty
(/usr/share/texlive/texmf-dist/tex/latex/pgf/utilities/pgfrcs.sty
(/usr/share/texlive/texmf-dist/tex/generic/pgf/utilities/pgfutil-common.tex
\pgfutil@everybye=\toks20
\pgfutil@tempdima=\dimen105
\pgfutil@tempdimb=\dimen106

(/usr/share/texlive/texmf-dist/tex/generic/pgf/utilities/pgfutil-common-lists.t
ex)) (/usr/share/texlive/texmf-dist/tex/generic/pgf/utilities/pgfutil-latex.def
\pgfutil@abb=\box27
(/usr/share/texlive/texmf-dist/tex/latex/ms/everyshi.sty
Package: everyshi 2001/05/15 v3.00 EveryShipout Package (MS)
))
(/usr/share/texlive/texmf-dist/tex/generic/pgf/utilities/pgfrcs.code.tex
(/usr/share/texlive/texmf-dist/tex/generic/pgf/pgf.revision.tex)
Package: pgfrcs 2019/02/02 v3.1.1 (3.1.1)
))
Package: pgf 2019/02/02 v3.1.1 (3.1.1)

(/usr/share/texlive/texmf-dist/tex/latex/pgf/basiclayer/pgfcore.sty
(/usr/share/texlive/texmf-dist/tex/latex/graphics/graphicx.sty
Package: graphicx 2017/06/01 v1.1a Enhanced LaTeX Graphics (DPC,SPQR)

(/usr/share/texlive/texmf-dist/tex/latex/graphics/graphics.sty
Package: graphics 2017/06/25 v1.2c Standard LaTeX Graphics (DPC,SPQR)

(/usr/share/texlive/texmf-dist/tex/latex/graphics/trig.sty
Package: trig 2016/01/03 v1.10 sin cos tan (DPC)
)
(/usr/share/texlive/texmf-dist/tex/latex/graphics-cfg/graphics.cfg
File: graphics.cfg 2016/06/04 v1.11 sample graphics configuration
)
Package graphics Info: Driver file: pdftex.def on input line 99.
)
\Gin@req@height=\dimen107
\Gin@req@width=\dimen108
)
(/usr/share/texlive/texmf-dist/tex/latex/pgf/systemlayer/pgfsys.sty
(/usr/share/texlive/texmf-dist/tex/generic/pgf/systemlayer/pgfsys.code.tex
Package: pgfsys 2019/02/02 v3.1.1 (3.1.1)

(/usr/share/texlive/texmf-dist/tex/generic/pgf/utilities/pgfkeys.code.tex
\pgfkeys@pathtoks=\toks21
\pgfkeys@temptoks=\toks22

(/usr/share/texlive/texmf-dist/tex/generic/pgf/utilities/pgfkeysfiltered.code.t
ex
\pgfkeys@tmptoks=\toks23
))
\pgf@x=\dimen109
\pgf@y=\dimen110
\pgf@xa=\dimen111
\pgf@ya=\dimen112
\pgf@xb=\dimen113
\pgf@yb=\dimen114
\pgf@xc=\dimen115
\pgf@yc=\dimen116
\w@pgf@writea=\write3
\r@pgf@reada=\read1
\c@pgf@counta=\count94
\c@pgf@countb=\count95
\c@pgf@countc=\count96
\c@pgf@countd=\count97
\t@pgf@toka=\toks24
\t@pgf@tokb=\toks25
\t@pgf@tokc=\toks26
\pgf@sys@id@count=\count98
 (/usr/share/texlive/texmf-dist/tex/generic/pgf/systemlayer/pgf.cfg
File: pgf.cfg 2019/02/02 v3.1.1 (3.1.1)
)
Driver file for pgf: pgfsys-pdftex.def

(/usr/share/texlive/texmf-dist/tex/generic/pgf/systemlayer/pgfsys-pdftex.def
File: pgfsys-pdftex.def 2019/02/02 v3.1.1 (3.1.1)

(/usr/share/texlive/texmf-dist/tex/generic/pgf/systemlayer/pgfsys-common-pdf.de
f
File: pgfsys-common-pdf.def 2019/02/02 v3.1.1 (3.1.1)
)))
(/usr/share/texlive/texmf-dist/tex/generic/pgf/systemlayer/pgfsyssoftpath.code.
tex
File: pgfsyssoftpath.code.tex 2019/02/02 v3.1.1 (3.1.1)
\pgfsyssoftpath@smallbuffer@items=\count99
\pgfsyssoftpath@bigbuffer@items=\count100
)
(/usr/share/texlive/texmf-dist/tex/generic/pgf/systemlayer/pgfsysprotocol.code.
tex
File: pgfsysprotocol.code.tex 2019/02/02 v3.1.1 (3.1.1)
))
(/usr/share/texlive/texmf-dist/tex/generic/pgf/basiclayer/pgfcore.code.tex
Package: pgfcore 2019/02/02 v3.1.1 (3.1.1)

(/usr/share/texlive/texmf-dist/tex/generic/pgf/math/pgfmath.code.tex
(/usr/share/texlive/texmf-dist/tex/generic/pgf/math/pgfmathcalc.code.tex
(/usr/share/texlive/texmf-dist/tex/generic/pgf/math/pgfmathutil.code.tex)
(/usr/share/texlive/texmf-dist/tex/generic/pgf/math/pgfmathparser.code.tex
\pgfmath@dimen=\dimen117
\pgfmath@count=\count101
\pgfmath@box=\box28
\pgfmath@toks=\toks27
\pgfmath@stack@operand=\toks28
\pgfmath@stack@operation=\toks29
)
(/usr/share/texlive/texmf-dist/tex/generic/pgf/math/pgfmathfunctions.code.tex
(/usr/share/texlive/texmf-dist/tex/generic/pgf/math/pgfmathfunctions.basic.code
.tex)
(/usr/share/texlive/texmf-dist/tex/generic/pgf/math/pgfmathfunctions.trigonomet
ric.code.tex)
(/usr/share/texlive/texmf-dist/tex/generic/pgf/math/pgfmathfunctions.random.cod
e.tex)
(/usr/share/texlive/texmf-dist/tex/generic/pgf/math/pgfmathfunctions.comparison
.code.tex)
(/usr/share/texlive/texmf-dist/tex/generic/pgf/math/pgfmathfunctions.base.code.
tex)
(/usr/share/texlive/texmf-dist/tex/generic/pgf/math/pgfmathfunctions.round.code
.tex)
(/usr/share/texlive/texmf-dist/tex/generic/pgf/math/pgfmathfunctions.misc.code.
tex)
(/usr/share/texlive/texmf-dist/tex/generic/pgf/math/pgfmathfunctions.integerari
thmetics.code.tex)))
(/usr/share/texlive/texmf-dist/tex/generic/pgf/math/pgfmathfloat.code.tex
\c@pgfmathroundto@lastzeros=\count102
))
(/usr/share/texlive/texmf-dist/tex/generic/pgf/basiclayer/pgfcorepoints.code.te
x
File: pgfcorepoints.code.tex 2019/02/02 v3.1.1 (3.1.1)
\pgf@picminx=\dimen118
\pgf@picmaxx=\dimen119
\pgf@picminy=\dimen120
\pgf@picmaxy=\dimen121
\pgf@pathminx=\dimen122
\pgf@pathmaxx=\dimen123
\pgf@pathminy=\dimen124
\pgf@pathmaxy=\dimen125
\pgf@xx=\dimen126
\pgf@xy=\dimen127
\pgf@yx=\dimen128
\pgf@yy=\dimen129
\pgf@zx=\dimen130
\pgf@zy=\dimen131
)
(/usr/share/texlive/texmf-dist/tex/generic/pgf/basiclayer/pgfcorepathconstruct.
code.tex
File: pgfcorepathconstruct.code.tex 2019/02/02 v3.1.1 (3.1.1)
\pgf@path@lastx=\dimen132
\pgf@path@lasty=\dimen133
)
(/usr/share/texlive/texmf-dist/tex/generic/pgf/basiclayer/pgfcorepathusage.code
.tex
File: pgfcorepathusage.code.tex 2019/02/02 v3.1.1 (3.1.1)
\pgf@shorten@end@additional=\dimen134
\pgf@shorten@start@additional=\dimen135
)
(/usr/share/texlive/texmf-dist/tex/generic/pgf/basiclayer/pgfcorescopes.code.te
x
File: pgfcorescopes.code.tex 2019/02/02 v3.1.1 (3.1.1)
\pgfpic=\box29
\pgf@hbox=\box30
\pgf@layerbox@main=\box31
\pgf@picture@serial@count=\count103
)
(/usr/share/texlive/texmf-dist/tex/generic/pgf/basiclayer/pgfcoregraphicstate.c
ode.tex
File: pgfcoregraphicstate.code.tex 2019/02/02 v3.1.1 (3.1.1)
\pgflinewidth=\dimen136
)
(/usr/share/texlive/texmf-dist/tex/generic/pgf/basiclayer/pgfcoretransformation
s.code.tex
File: pgfcoretransformations.code.tex 2019/02/02 v3.1.1 (3.1.1)
\pgf@pt@x=\dimen137
\pgf@pt@y=\dimen138
\pgf@pt@temp=\dimen139
)
(/usr/share/texlive/texmf-dist/tex/generic/pgf/basiclayer/pgfcorequick.code.tex
File: pgfcorequick.code.tex 2019/02/02 v3.1.1 (3.1.1)
)
(/usr/share/texlive/texmf-dist/tex/generic/pgf/basiclayer/pgfcoreobjects.code.t
ex
File: pgfcoreobjects.code.tex 2019/02/02 v3.1.1 (3.1.1)
)
(/usr/share/texlive/texmf-dist/tex/generic/pgf/basiclayer/pgfcorepathprocessing
.code.tex
File: pgfcorepathprocessing.code.tex 2019/02/02 v3.1.1 (3.1.1)
)
(/usr/share/texlive/texmf-dist/tex/generic/pgf/basiclayer/pgfcorearrows.code.te
x
File: pgfcorearrows.code.tex 2019/02/02 v3.1.1 (3.1.1)
\pgfarrowsep=\dimen140
)
(/usr/share/texlive/texmf-dist/tex/generic/pgf/basiclayer/pgfcoreshade.code.tex
File: pgfcoreshade.code.tex 2019/02/02 v3.1.1 (3.1.1)
\pgf@max=\dimen141
\pgf@sys@shading@range@num=\count104
)
(/usr/share/texlive/texmf-dist/tex/generic/pgf/basiclayer/pgfcoreimage.code.tex
File: pgfcoreimage.code.tex 2019/02/02 v3.1.1 (3.1.1)

(/usr/share/texlive/texmf-dist/tex/generic/pgf/basiclayer/pgfcoreexternal.code.
tex
File: pgfcoreexternal.code.tex 2019/02/02 v3.1.1 (3.1.1)
\pgfexternal@startupbox=\box32
))
(/usr/share/texlive/texmf-dist/tex/generic/pgf/basiclayer/pgfcorelayers.code.te
x
File: pgfcorelayers.code.tex 2019/02/02 v3.1.1 (3.1.1)
)
(/usr/share/texlive/texmf-dist/tex/generic/pgf/basiclayer/pgfcoretransparency.c
ode.tex
File: pgfcoretransparency.code.tex 2019/02/02 v3.1.1 (3.1.1)
)
(/usr/share/texlive/texmf-dist/tex/generic/pgf/basiclayer/pgfcorepatterns.code.
tex
File: pgfcorepatterns.code.tex 2019/02/02 v3.1.1 (3.1.1)
)
(/usr/share/texlive/texmf-dist/tex/generic/pgf/basiclayer/pgfcorerdf.code.tex
File: pgfcorerdf.code.tex 2019/02/02 v3.1.1 (3.1.1)
)))
(/usr/share/texlive/texmf-dist/tex/generic/pgf/modules/pgfmoduleshapes.code.tex
File: pgfmoduleshapes.code.tex 2019/02/02 v3.1.1 (3.1.1)
\pgfnodeparttextbox=\box33
) (/usr/share/texlive/texmf-dist/tex/generic/pgf/modules/pgfmoduleplot.code.tex
File: pgfmoduleplot.code.tex 2019/02/02 v3.1.1 (3.1.1)
)
(/usr/share/texlive/texmf-dist/tex/latex/pgf/compatibility/pgfcomp-version-0-65
.sty
Package: pgfcomp-version-0-65 2019/02/02 v3.1.1 (3.1.1)
\pgf@nodesepstart=\dimen142
\pgf@nodesepend=\dimen143
)
(/usr/share/texlive/texmf-dist/tex/latex/pgf/compatibility/pgfcomp-version-1-18
.sty
Package: pgfcomp-version-1-18 2019/02/02 v3.1.1 (3.1.1)
)) (/usr/share/texlive/texmf-dist/tex/latex/pgf/utilities/pgffor.sty
(/usr/share/texlive/texmf-dist/tex/latex/pgf/utilities/pgfkeys.sty
(/usr/share/texlive/texmf-dist/tex/generic/pgf/utilities/pgfkeys.code.tex))
(/usr/share/texlive/texmf-dist/tex/latex/pgf/math/pgfmath.sty
(/usr/share/texlive/texmf-dist/tex/generic/pgf/math/pgfmath.code.tex))
(/usr/share/texlive/texmf-dist/tex/generic/pgf/utilities/pgffor.code.tex
Package: pgffor 2019/02/02 v3.1.1 (3.1.1)

(/usr/share/texlive/texmf-dist/tex/generic/pgf/math/pgfmath.code.tex)
\pgffor@iter=\dimen144
\pgffor@skip=\dimen145
\pgffor@stack=\toks30
\pgffor@toks=\toks31
))
(/usr/share/texlive/texmf-dist/tex/generic/pgf/frontendlayer/tikz/tikz.code.tex
Package: tikz 2019/02/02 v3.1.1 (3.1.1)

(/usr/share/texlive/texmf-dist/tex/generic/pgf/libraries/pgflibraryplothandlers
.code.tex
File: pgflibraryplothandlers.code.tex 2019/02/02 v3.1.1 (3.1.1)
\pgf@plot@mark@count=\count105
\pgfplotmarksize=\dimen146
)
\tikz@lastx=\dimen147
\tikz@lasty=\dimen148
\tikz@lastxsaved=\dimen149
\tikz@lastysaved=\dimen150
\tikzleveldistance=\dimen151
\tikzsiblingdistance=\dimen152
\tikz@figbox=\box34
\tikz@figbox@bg=\box35
\tikz@tempbox=\box36
\tikz@tempbox@bg=\box37
\tikztreelevel=\count106
\tikznumberofchildren=\count107
\tikznumberofcurrentchild=\count108
\tikz@fig@count=\count109

(/usr/share/texlive/texmf-dist/tex/generic/pgf/modules/pgfmodulematrix.code.tex
File: pgfmodulematrix.code.tex 2019/02/02 v3.1.1 (3.1.1)
\pgfmatrixcurrentrow=\count110
\pgfmatrixcurrentcolumn=\count111
\pgf@matrix@numberofcolumns=\count112
)
\tikz@expandcount=\count113

(/usr/share/texlive/texmf-dist/tex/generic/pgf/frontendlayer/tikz/libraries/tik
zlibrarytopaths.code.tex
File: tikzlibrarytopaths.code.tex 2019/02/02 v3.1.1 (3.1.1)
)))
(/usr/share/texlive/texmf-dist/tex/generic/pgf/frontendlayer/tikz/libraries/tik
zlibrarypositioning.code.tex
File: tikzlibrarypositioning.code.tex 2019/02/02 v3.1.1 (3.1.1)
)
(/usr/share/texlive/texmf-dist/tex/generic/pgf/frontendlayer/tikz/libraries/tik
zlibraryshadows.code.tex
File: tikzlibraryshadows.code.tex 2019/02/02 v3.1.1 (3.1.1)

(/usr/share/texlive/texmf-dist/tex/generic/pgf/frontendlayer/tikz/libraries/tik
zlibraryfadings.code.tex
File: tikzlibraryfadings.code.tex 2019/02/02 v3.1.1 (3.1.1)

(/usr/share/texlive/texmf-dist/tex/generic/pgf/libraries/pgflibraryfadings.code
.tex
File: pgflibraryfadings.code.tex 2019/02/02 v3.1.1 (3.1.1)
))) (/usr/share/texlive/texmf-dist/tex/latex/tools/calc.sty
Package: calc 2017/05/25 v4.3 Infix arithmetic (KKT,FJ)
\calc@Acount=\count114
\calc@Bcount=\count115
\calc@Adimen=\dimen153
\calc@Bdimen=\dimen154
\calc@Askip=\skip44
\calc@Bskip=\skip45
LaTeX Info: Redefining \setlength on input line 80.
LaTeX Info: Redefining \addtolength on input line 81.
\calc@Ccount=\count116
\calc@Cskip=\skip46
)
\c@@todonotes@numberoftodonotes=\count117
)
(/usr/share/texlive/texmf-dist/tex/latex/oberdiek/ifdraft.sty
Package: ifdraft 2016/05/16 v1.4 Detect class options draft and final (HO)
)
(/usr/share/texlive/texmf-dist/tex/latex/lipsum/lipsum.sty
(/usr/share/texlive/texmf-dist/tex/latex/l3kernel/expl3.sty
Package: expl3 2019-02-15 L3 programming layer (loader) 

(/usr/share/texlive/texmf-dist/tex/latex/l3kernel/expl3-code.tex
Package: expl3 2019-02-15 L3 programming layer (code)
\c_max_int=\count118
\l_tmpa_int=\count119
\l_tmpb_int=\count120
\g_tmpa_int=\count121
\g_tmpb_int=\count122
\g__kernel_prg_map_int=\count123
\c_log_iow=\count124
\l_iow_line_count_int=\count125
\l__iow_line_target_int=\count126
\l__iow_one_indent_int=\count127
\l__iow_indent_int=\count128
\c_zero_dim=\dimen155
\c_max_dim=\dimen156
\l_tmpa_dim=\dimen157
\l_tmpb_dim=\dimen158
\g_tmpa_dim=\dimen159
\g_tmpb_dim=\dimen160
\c_zero_skip=\skip47
\c_max_skip=\skip48
\l_tmpa_skip=\skip49
\l_tmpb_skip=\skip50
\g_tmpa_skip=\skip51
\g_tmpb_skip=\skip52
\c_zero_muskip=\muskip10
\c_max_muskip=\muskip11
\l_tmpa_muskip=\muskip12
\l_tmpb_muskip=\muskip13
\g_tmpa_muskip=\muskip14
\g_tmpb_muskip=\muskip15
\l_keys_choice_int=\count129
\l__intarray_loop_int=\count130
\c__intarray_sp_dim=\dimen161
\g__intarray_font_int=\count131
\c__fp_leading_shift_int=\count132
\c__fp_middle_shift_int=\count133
\c__fp_trailing_shift_int=\count134
\c__fp_big_leading_shift_int=\count135
\c__fp_big_middle_shift_int=\count136
\c__fp_big_trailing_shift_int=\count137
\c__fp_Bigg_leading_shift_int=\count138
\c__fp_Bigg_middle_shift_int=\count139
\c__fp_Bigg_trailing_shift_int=\count140
\c__kernel_randint_max_int=\count141
\g__fp_array_int=\count142
\l__fp_array_loop_int=\count143
\l__sort_length_int=\count144
\l__sort_min_int=\count145
\l__sort_top_int=\count146
\l__sort_max_int=\count147
\l__sort_true_max_int=\count148
\l__sort_block_int=\count149
\l__sort_begin_int=\count150
\l__sort_end_int=\count151
\l__sort_A_int=\count152
\l__sort_B_int=\count153
\l__sort_C_int=\count154
\l__tl_analysis_normal_int=\count155
\l__tl_analysis_index_int=\count156
\l__tl_analysis_nesting_int=\count157
\l__tl_analysis_type_int=\count158
\l__regex_internal_a_int=\count159
\l__regex_internal_b_int=\count160
\l__regex_internal_c_int=\count161
\l__regex_balance_int=\count162
\l__regex_group_level_int=\count163
\l__regex_mode_int=\count164
\c__regex_cs_in_class_mode_int=\count165
\c__regex_cs_mode_int=\count166
\l__regex_catcodes_int=\count167
\l__regex_default_catcodes_int=\count168
\c__regex_catcode_D_int=\count169
\c__regex_catcode_S_int=\count170
\c__regex_catcode_L_int=\count171
\c__regex_catcode_O_int=\count172
\c__regex_catcode_A_int=\count173
\c__regex_all_catcodes_int=\count174
\l__regex_show_lines_int=\count175
\l__regex_min_state_int=\count176
\l__regex_max_state_int=\count177
\l__regex_left_state_int=\count178
\l__regex_right_state_int=\count179
\l__regex_capturing_group_int=\count180
\l__regex_min_pos_int=\count181
\l__regex_max_pos_int=\count182
\l__regex_curr_pos_int=\count183
\l__regex_start_pos_int=\count184
\l__regex_success_pos_int=\count185
\l__regex_curr_char_int=\count186
\l__regex_curr_catcode_int=\count187
\l__regex_last_char_int=\count188
\l__regex_case_changed_char_int=\count189
\l__regex_curr_state_int=\count190
\l__regex_step_int=\count191
\l__regex_min_active_int=\count192
\l__regex_max_active_int=\count193
\l__regex_replacement_csnames_int=\count194
\l__regex_match_count_int=\count195
\l__regex_min_submatch_int=\count196
\l__regex_submatch_int=\count197
\l__regex_zeroth_submatch_int=\count198
\g__regex_trace_regex_int=\count199
\c_empty_box=\box38
\l_tmpa_box=\box39
\l_tmpb_box=\box40
\g_tmpa_box=\box41
\g_tmpb_box=\box42
\l__box_top_dim=\dimen162
\l__box_bottom_dim=\dimen163
\l__box_left_dim=\dimen164
\l__box_right_dim=\dimen165
\l__box_top_new_dim=\dimen166
\l__box_bottom_new_dim=\dimen167
\l__box_left_new_dim=\dimen168
\l__box_right_new_dim=\dimen169
\l__box_internal_box=\box43
\l__coffin_internal_box=\box44
\l__coffin_internal_dim=\dimen170
\l__coffin_offset_x_dim=\dimen171
\l__coffin_offset_y_dim=\dimen172
\l__coffin_x_dim=\dimen173
\l__coffin_y_dim=\dimen174
\l__coffin_x_prime_dim=\dimen175
\l__coffin_y_prime_dim=\dimen176
\c_empty_coffin=\box45
\l__coffin_aligned_coffin=\box46
\l__coffin_aligned_internal_coffin=\box47
\l_tmpa_coffin=\box48
\l_tmpb_coffin=\box49
\g_tmpa_coffin=\box50
\g_tmpb_coffin=\box51
\c__coffin_empty_coffin=\box52
\l__coffin_display_coffin=\box53
\l__coffin_display_coord_coffin=\box54
\l__coffin_display_pole_coffin=\box55
\l__coffin_display_offset_dim=\dimen177
\l__coffin_display_x_dim=\dimen178
\l__coffin_display_y_dim=\dimen179
\g__file_internal_ior=\read2
\l__coffin_bounding_shift_dim=\dimen180
\l__coffin_left_corner_dim=\dimen181
\l__coffin_right_corner_dim=\dimen182
\l__coffin_bottom_corner_dim=\dimen183
\l__coffin_top_corner_dim=\dimen184
\l__coffin_scaled_total_height_dim=\dimen185
\l__coffin_scaled_width_dim=\dimen186
\l__seq_internal_a_int=\count266
\l__seq_internal_b_int=\count267
)
(/usr/share/texlive/texmf-dist/tex/latex/l3kernel/l3pdfmode.def
File: l3pdfmode.def 2019-02-15 v L3 Experimental driver: PDF mode
\l__driver_color_stack_int=\count268
))
(/usr/share/texlive/texmf-dist/tex/latex/l3packages/xparse/xparse.sty
Package: xparse 2018-10-17 L3 Experimental document command parser
\l__xparse_current_arg_int=\count269
\g__xparse_grabber_int=\count270
\l__xparse_m_args_int=\count271
\l__xparse_mandatory_args_int=\count272
\l__xparse_v_nesting_int=\count273
)
Package: lipsum 2019/01/02 v2.2 150 paragraphs of Lorem Ipsum dummy text

(/usr/share/texlive/texmf-dist/tex/latex/lipsum/lipsum.ltd.tex
File: lipsum.ltd.tex 2019/01/02 v2.2 The Lorem ipsum dummy text
))
(/usr/share/texlive/texmf-dist/tex/latex/amsmath/amsmath.sty
Package: amsmath 2018/12/01 v2.17b AMS math features
\@mathmargin=\skip53

For additional information on amsmath, use the `?' option.
(/usr/share/texlive/texmf-dist/tex/latex/amsmath/amstext.sty
Package: amstext 2000/06/29 v2.01 AMS text

(/usr/share/texlive/texmf-dist/tex/latex/amsmath/amsgen.sty
File: amsgen.sty 1999/11/30 v2.0 generic functions
\@emptytoks=\toks32
\ex@=\dimen187
))
(/usr/share/texlive/texmf-dist/tex/latex/amsmath/amsbsy.sty
Package: amsbsy 1999/11/29 v1.2d Bold Symbols
\pmbraise@=\dimen188
)
(/usr/share/texlive/texmf-dist/tex/latex/amsmath/amsopn.sty
Package: amsopn 2016/03/08 v2.02 operator names
)
\inf@bad=\count274
LaTeX Info: Redefining \frac on input line 223.
\uproot@=\count275
\leftroot@=\count276
LaTeX Info: Redefining \overline on input line 385.
\classnum@=\count277
\DOTSCASE@=\count278
LaTeX Info: Redefining \ldots on input line 482.
LaTeX Info: Redefining \dots on input line 485.
LaTeX Info: Redefining \cdots on input line 606.
\Mathstrutbox@=\box56
\strutbox@=\box57
\big@size=\dimen189
LaTeX Font Info:    Redeclaring font encoding OML on input line 729.
LaTeX Font Info:    Redeclaring font encoding OMS on input line 730.
\macc@depth=\count279
\c@MaxMatrixCols=\count280
\dotsspace@=\muskip16
\c@parentequation=\count281
\dspbrk@lvl=\count282
\tag@help=\toks33
\row@=\count283
\column@=\count284
\maxfields@=\count285
\andhelp@=\toks34
\eqnshift@=\dimen190
\alignsep@=\dimen191
\tagshift@=\dimen192
\tagwidth@=\dimen193
\totwidth@=\dimen194
\lineht@=\dimen195
\@envbody=\toks35
\multlinegap=\skip54
\multlinetaggap=\skip55
\mathdisplay@stack=\toks36
LaTeX Info: Redefining \[ on input line 2844.
LaTeX Info: Redefining \] on input line 2845.
)
(/usr/share/texlive/texmf-dist/tex/latex/amsfonts/amssymb.sty
Package: amssymb 2013/01/14 v3.01 AMS font symbols

(/usr/share/texlive/texmf-dist/tex/latex/amsfonts/amsfonts.sty
Package: amsfonts 2013/01/14 v3.01 Basic AMSFonts support
\symAMSa=\mathgroup4
\symAMSb=\mathgroup5
LaTeX Font Info:    Overwriting math alphabet `\mathfrak' in version `bold'
(Font)                  U/euf/m/n --> U/euf/b/n on input line 106.
))
(/usr/share/texlive/texmf-dist/tex/latex/adjustbox/adjustbox.sty
Package: adjustbox 2019/01/04 v1.2 Adjusting TeX boxes (trim, clip, ...)

(/usr/share/texlive/texmf-dist/tex/latex/adjustbox/adjcalc.sty
Package: adjcalc 2012/05/16 v1.1 Provides advanced setlength with multiple back
-ends (calc, etex, pgfmath)
)
(/usr/share/texlive/texmf-dist/tex/latex/adjustbox/trimclip.sty
Package: trimclip 2018/04/08 v1.1 Trim and clip general TeX material

(/usr/share/texlive/texmf-dist/tex/latex/collectbox/collectbox.sty
Package: collectbox 2012/05/17 v0.4b Collect macro arguments as boxes
\collectedbox=\box58
)
\tc@llx=\dimen196
\tc@lly=\dimen197
\tc@urx=\dimen198
\tc@ury=\dimen199
Package trimclip Info: Using driver 'tc-pdftex.def'.

(/usr/share/texlive/texmf-dist/tex/latex/adjustbox/tc-pdftex.def
File: tc-pdftex.def 2019/01/04 v2.2 Clipping driver for pdftex
))
\adjbox@Width=\dimen256
\adjbox@Height=\dimen257
\adjbox@Depth=\dimen258
\adjbox@Totalheight=\dimen259
\adjbox@pwidth=\dimen260
\adjbox@pheight=\dimen261
\adjbox@pdepth=\dimen262
\adjbox@ptotalheight=\dimen263

(/usr/share/texlive/texmf-dist/tex/latex/ifoddpage/ifoddpage.sty
Package: ifoddpage 2016/04/23 v1.1 Conditionals for odd/even page detection
\c@checkoddpage=\count286
)
(/usr/share/texlive/texmf-dist/tex/latex/varwidth/varwidth.sty
Package: varwidth 2009/03/30 ver 0.92;  Variable-width minipages
\@vwid@box=\box59
\sift@deathcycles=\count287
\@vwid@loff=\dimen264
\@vwid@roff=\dimen265
))
(/usr/share/texlive/texmf-dist/tex/latex/url/url.sty
\Urlmuskip=\muskip17
Package: url 2013/09/16  ver 3.4  Verb mode for urls, etc.
)
(/usr/share/texlive/texmf-dist/tex/latex/comment/comment.sty
\CommentStream=\write4

Excluding comment 'comment')
(/usr/share/texlive/texmf-dist/tex/latex/tools/verbatim.sty
Package: verbatim 2014/10/28 v1.5q LaTeX2e package for verbatim enhancements
\every@verbatim=\toks37
\verbatim@line=\toks38
\verbatim@in@stream=\read3
)
(/usr/share/texlive/texmf-dist/tex/latex/hyperref/hyperref.sty
Package: hyperref 2018/11/30 v6.88e Hypertext links for LaTeX

(/usr/share/texlive/texmf-dist/tex/generic/oberdiek/hobsub-hyperref.sty
Package: hobsub-hyperref 2016/05/16 v1.14 Bundle oberdiek, subset hyperref (HO)


(/usr/share/texlive/texmf-dist/tex/generic/oberdiek/hobsub-generic.sty
Package: hobsub-generic 2016/05/16 v1.14 Bundle oberdiek, subset generic (HO)
Package: hobsub 2016/05/16 v1.14 Construct package bundles (HO)
Package hobsub Info: Skipping package `infwarerr' (already loaded).
Package hobsub Info: Skipping package `ltxcmds' (already loaded).
Package hobsub Info: Skipping package `ifluatex' (already loaded).
Package: ifvtex 2016/05/16 v1.6 Detect VTeX and its facilities (HO)
Package ifvtex Info: VTeX not detected.
Package: intcalc 2016/05/16 v1.2 Expandable calculations with integers (HO)
Package: ifpdf 2018/09/07 v3.3 Provides the ifpdf switch
Package hobsub Info: Skipping package `etexcmds' (already loaded).
Package hobsub Info: Skipping package `kvsetkeys' (already loaded).
Package: kvdefinekeys 2016/05/16 v1.4 Define keys (HO)
Package: pdftexcmds 2018/09/10 v0.29 Utility functions of pdfTeX for LuaTeX (HO
)
Package pdftexcmds Info: LuaTeX not detected.
Package pdftexcmds Info: \pdf@primitive is available.
Package pdftexcmds Info: \pdf@ifprimitive is available.
Package pdftexcmds Info: \pdfdraftmode found.
Package: pdfescape 2016/05/16 v1.14 Implements pdfTeX's escape features (HO)
Package: bigintcalc 2016/05/16 v1.4 Expandable calculations on big integers (HO
)
Package: bitset 2016/05/16 v1.2 Handle bit-vector datatype (HO)
Package: uniquecounter 2016/05/16 v1.3 Provide unlimited unique counter (HO)
)
Package hobsub Info: Skipping package `hobsub' (already loaded).
Package: letltxmacro 2016/05/16 v1.5 Let assignment for LaTeX macros (HO)
Package: hopatch 2016/05/16 v1.3 Wrapper for package hooks (HO)
Package: xcolor-patch 2016/05/16 xcolor patch
Package: atveryend 2016/05/16 v1.9 Hooks at the very end of document (HO)
Package atveryend Info: \enddocument detected (standard20110627).
Package: atbegshi 2016/06/09 v1.18 At begin shipout hook (HO)
Package: refcount 2016/05/16 v3.5 Data extraction from label references (HO)
Package: hycolor 2016/05/16 v1.8 Color options for hyperref/bookmark (HO)
)
(/usr/share/texlive/texmf-dist/tex/generic/ifxetex/ifxetex.sty
Package: ifxetex 2010/09/12 v0.6 Provides ifxetex conditional
)
(/usr/share/texlive/texmf-dist/tex/latex/oberdiek/auxhook.sty
Package: auxhook 2016/05/16 v1.4 Hooks for auxiliary files (HO)
)
\@linkdim=\dimen266
\Hy@linkcounter=\count288
\Hy@pagecounter=\count289

(/usr/share/texlive/texmf-dist/tex/latex/hyperref/pd1enc.def
File: pd1enc.def 2018/11/30 v6.88e Hyperref: PDFDocEncoding definition (HO)
Now handling font encoding PD1 ...
... no UTF-8 mapping file for font encoding PD1
)
\Hy@SavedSpaceFactor=\count290

(/usr/share/texlive/texmf-dist/tex/latex/latexconfig/hyperref.cfg
File: hyperref.cfg 2002/06/06 v1.2 hyperref configuration of TeXLive
)
Package hyperref Info: Option `final' set `true' on input line 4393.
Package hyperref Info: Hyper figures OFF on input line 4519.
Package hyperref Info: Link nesting OFF on input line 4524.
Package hyperref Info: Hyper index ON on input line 4527.
Package hyperref Info: Plain pages OFF on input line 4534.
Package hyperref Info: Backreferencing OFF on input line 4539.
Package hyperref Info: Implicit mode ON; LaTeX internals redefined.
Package hyperref Info: Bookmarks ON on input line 4772.
\c@Hy@tempcnt=\count291
LaTeX Info: Redefining \url on input line 5125.
\XeTeXLinkMargin=\dimen267
\Fld@menulength=\count292
\Field@Width=\dimen268
\Fld@charsize=\dimen269
Package hyperref Info: Hyper figures OFF on input line 6380.
Package hyperref Info: Link nesting OFF on input line 6385.
Package hyperref Info: Hyper index ON on input line 6388.
Package hyperref Info: backreferencing OFF on input line 6395.
Package hyperref Info: Link coloring OFF on input line 6400.
Package hyperref Info: Link coloring with OCG OFF on input line 6405.
Package hyperref Info: PDF/A mode OFF on input line 6410.
LaTeX Info: Redefining \ref on input line 6450.
LaTeX Info: Redefining \pageref on input line 6454.
\Hy@abspage=\count293
\c@Item=\count294
\c@Hfootnote=\count295
)
Package hyperref Info: Driver (autodetected): hpdftex.

(/usr/share/texlive/texmf-dist/tex/latex/hyperref/hpdftex.def
File: hpdftex.def 2018/11/30 v6.88e Hyperref driver for pdfTeX
\Fld@listcount=\count296
\c@bookmark@seq@number=\count297

(/usr/share/texlive/texmf-dist/tex/latex/oberdiek/rerunfilecheck.sty
Package: rerunfilecheck 2016/05/16 v1.8 Rerun checks for auxiliary files (HO)
Package uniquecounter Info: New unique counter `rerunfilecheck' on input line 2
82.
)
\Hy@SectionHShift=\skip56
)
(/usr/share/texlive/texmf-dist/tex/latex/tools/array.sty
Package: array 2018/12/30 v2.4k Tabular extension package (FMi)
\col@sep=\dimen270
\ar@mcellbox=\box60
\extrarowheight=\dimen271
\NC@list=\toks39
\extratabsurround=\skip57
\backup@length=\skip58
\ar@cellbox=\box61
)
(/usr/share/texlive/texmf-dist/tex/latex/caption/caption.sty
Package: caption 2018/10/06 v3.3-154 Customizing captions (AR)

(/usr/share/texlive/texmf-dist/tex/latex/caption/caption3.sty
Package: caption3 2018/09/12 v1.8c caption3 kernel (AR)
Package caption3 Info: TeX engine: e-TeX on input line 64.
\captionmargin=\dimen272
\captionmargin@=\dimen273
\captionwidth=\dimen274
\caption@tempdima=\dimen275
\caption@indent=\dimen276
\caption@parindent=\dimen277
\caption@hangindent=\dimen278
)
\c@caption@flags=\count298
\c@ContinuedFloat=\count299
Package caption Info: hyperref package is loaded.
)
(/usr/share/texlive/texmf-dist/tex/latex/tcolorbox/tcolorbox.sty
Package: tcolorbox 2018/12/07 version 4.15 text color boxes

(/usr/share/texlive/texmf-dist/tex/latex/environ/environ.sty
Package: environ 2014/05/04 v0.3 A new way to define environments

(/usr/share/texlive/texmf-dist/tex/latex/trimspaces/trimspaces.sty
Package: trimspaces 2009/09/17 v1.1 Trim spaces around a token list
))
(/usr/share/texlive/texmf-dist/tex/latex/etoolbox/etoolbox.sty
Package: etoolbox 2018/08/19 v2.5f e-TeX tools for LaTeX (JAW)
\etb@tempcnta=\count300
)
\tcb@titlebox=\box62
\tcb@upperbox=\box63
\tcb@lowerbox=\box64
\tcb@phantombox=\box65
\c@tcbbreakpart=\count301
\c@tcblayer=\count302
\tcolorbox@number=\count303
\tcb@temp=\box66
\tcb@temp=\box67
\tcb@temp=\box68
\tcb@temp=\box69
\tcb@out=\write5
\tcb@record@out=\write6
)
(/usr/share/texlive/texmf-dist/tex/latex/caption/subcaption.sty
Package: subcaption 2018/05/01 v1.1-162 Sub-captions (AR)
\c@subfigure=\count304
\c@subtable=\count305
)
(/usr/share/texlive/texmf-dist/tex/latex/geometry/geometry.sty
Package: geometry 2018/04/16 v5.8 Page Geometry
\Gm@cnth=\count306
\Gm@cntv=\count307
\c@Gm@tempcnt=\count308
\Gm@bindingoffset=\dimen279
\Gm@wd@mp=\dimen280
\Gm@odd@mp=\dimen281
\Gm@even@mp=\dimen282
\Gm@layoutwidth=\dimen283
\Gm@layoutheight=\dimen284
\Gm@layouthoffset=\dimen285
\Gm@layoutvoffset=\dimen286
\Gm@dimlist=\toks40
)
(/usr/share/texlive/texmf-dist/tex/latex/fancyhdr/fancyhdr.sty
Package: fancyhdr 2019/01/31 v3.10 Extensive control of page headers and footer
s
\f@nch@headwidth=\skip59
\f@nch@O@elh=\skip60
\f@nch@O@erh=\skip61
\f@nch@O@olh=\skip62
\f@nch@O@orh=\skip63
\f@nch@O@elf=\skip64
\f@nch@O@erf=\skip65
\f@nch@O@olf=\skip66
\f@nch@O@orf=\skip67
)
\c@uebungNr@=\count309
\maxPunkte@=\skip68

***********************************************pdfLaTeX is used
(/usr/share/texlive/texmf-dist/tex/latex/listings/listings.sty
\lst@mode=\count310
\lst@gtempboxa=\box70
\lst@token=\toks41
\lst@length=\count311
\lst@currlwidth=\dimen287
\lst@column=\count312
\lst@pos=\count313
\lst@lostspace=\dimen288
\lst@width=\dimen289
\lst@newlines=\count314
\lst@lineno=\count315
\lst@maxwidth=\dimen290

(/usr/share/texlive/texmf-dist/tex/latex/listings/lstmisc.sty
File: lstmisc.sty 2018/09/02 1.7 (Carsten Heinz)
\c@lstnumber=\count316
\lst@skipnumbers=\count317
\lst@framebox=\box71
)
(/usr/share/texlive/texmf-dist/tex/latex/listings/listings.cfg
File: listings.cfg 2018/09/02 1.7 listings configuration
))
Package: listings 2018/09/02 1.7 (Carsten Heinz)

(/usr/share/texlive/texmf-dist/tex/latex/listings/lstlang1.sty
File: lstlang1.sty 2018/09/02 1.7 listings language file
)
(/usr/share/texlive/texmf-dist/tex/latex/listings/lstmisc.sty
File: lstmisc.sty 2018/09/02 1.7 (Carsten Heinz)
)) (./glossar.tex
(/usr/share/texlive/texmf-dist/tex/latex/translator/translator.sty
Package: translator 2018/01/04 v1.12 Easy translation of strings in LaTeX
)
(/usr/share/texlive/texmf-dist/tex/latex/glossaries/base/glossaries.sty
Package: glossaries 2019/01/06 v4.42 (NLCT)

(/usr/share/texlive/texmf-dist/tex/latex/mfirstuc/mfirstuc.sty
Package: mfirstuc 2017/11/14 v2.06 (NLCT)
\@glsmfirst=\toks42
\@glsmrest=\toks43
)
(/usr/share/texlive/texmf-dist/tex/latex/textcase/textcase.sty
Package: textcase 2004/10/07 v0.07 Text only upper/lower case changing (DPC)
)
(/usr/share/texlive/texmf-dist/tex/latex/xfor/xfor.sty
Package: xfor 2009/02/05 v1.05 (NLCT)
)
(/usr/share/texlive/texmf-dist/tex/latex/datatool/datatool-base.sty
Package: datatool-base 2018/12/07 v2.31 (NLCT)

(/usr/share/texlive/texmf-dist/tex/latex/substr/substr.sty
Package: substr 2009/10/20 v1.2 Handle substrings
\c@su@anzahl=\count318
)
(/usr/share/texlive/texmf-dist/tex/latex/datatool/datatool-fp.sty
Package: datatool-fp 2018/12/07 v2.31 (NLCT)

(/usr/share/texlive/texmf-dist/tex/latex/fp/fp.sty
Package: fp 1995/04/02

`Fixed Point Package', Version 0.8, April 2, 1995 (C) Michael Mehlich
(/usr/share/texlive/texmf-dist/tex/latex/fp/defpattern.sty
Package: defpattern 1994/10/12
\actioncount=\count319
)
(/usr/share/texlive/texmf-dist/tex/latex/fp/fp-basic.sty
Package: fp-basic 1996/05/13
\FP@xs=\count320
\FP@xia=\count321
\FP@xib=\count322
\FP@xfa=\count323
\FP@xfb=\count324
\FP@rega=\count325
\FP@regb=\count326
\FP@regs=\count327
\FP@times=\count328
)
(/usr/share/texlive/texmf-dist/tex/latex/fp/fp-addons.sty
Package: fp-addons 1995/03/15
)
(/usr/share/texlive/texmf-dist/tex/latex/fp/fp-snap.sty
Package: fp-snap 1995/04/05
)
(/usr/share/texlive/texmf-dist/tex/latex/fp/fp-exp.sty
Package: fp-exp 1995/04/03
)
(/usr/share/texlive/texmf-dist/tex/latex/fp/fp-trigo.sty
Package: fp-trigo 1995/04/14
)
(/usr/share/texlive/texmf-dist/tex/latex/fp/fp-pas.sty
Package: fp-pas 1994/08/29
)
(/usr/share/texlive/texmf-dist/tex/latex/fp/fp-random.sty
Package: fp-random 1995/02/23
\FPseed=\count329
)
(/usr/share/texlive/texmf-dist/tex/latex/fp/fp-eqn.sty
Package: fp-eqn 1995/04/03
)
(/usr/share/texlive/texmf-dist/tex/latex/fp/fp-upn.sty
Package: fp-upn 1996/10/21
)
(/usr/share/texlive/texmf-dist/tex/latex/fp/fp-eval.sty
Package: fp-eval 1995/04/03
)))
\@dtl@toks=\toks44
\@dtl@tmpcount=\count330
\dtl@tmplength=\skip69
\dtl@sortresult=\count331
\@dtl@numgrpsepcount=\count332
\@dtl@datatype=\count333
\dtl@codeA=\count334
\dtl@codeB=\count335
\@dtl@foreach@level=\count336
)
(/usr/share/texlive/texmf-dist/tex/latex/glossaries/base/glossaries-compatible-
307.sty
Package: glossaries-compatible-307 2019/01/06 v4.42 (NLCT)
) (/usr/share/texlive/texmf-dist/tex/latex/tracklang/tracklang.sty
Package: tracklang 2018/05/13 v1.3.6 (NLCT) Track Languages

(/usr/share/texlive/texmf-dist/tex/generic/tracklang/tracklang.tex))
(/usr/share/texlive/texmf-dist/tex/latex/glossaries-german/glossaries-german.ld
f
File: glossaries-german.ldf 2014/11/23 v1.0
)
\gls@level=\count337
\@gls@tmpb=\toks45
\gls@tmplen=\skip70
\glskeylisttok=\toks46
\glslabeltok=\toks47
\glsshorttok=\toks48
\glslongtok=\toks49

(/usr/share/texlive/texmf-dist/tex/latex/glossaries/styles/glossary-hypernav.st
y
Package: glossary-hypernav 2019/01/06 v4.42 (NLCT)
) (/usr/share/texlive/texmf-dist/tex/latex/glossaries/styles/glossary-list.sty
Package: glossary-list 2019/01/06 v4.42 (NLCT)
\glslistdottedwidth=\skip71
) (/usr/share/texlive/texmf-dist/tex/latex/glossaries/styles/glossary-long.sty
Package: glossary-long 2019/01/06 v4.42 (NLCT)

(/usr/share/texlive/texmf-dist/tex/latex/tools/longtable.sty
Package: longtable 2014/10/28 v4.11 Multi-page Table package (DPC)+ FMi change
\LTleft=\skip72
\LTright=\skip73
\LTpre=\skip74
\LTpost=\skip75
\LTchunksize=\count338
\LTcapwidth=\dimen291
\LT@head=\box72
\LT@firsthead=\box73
\LT@foot=\box74
\LT@lastfoot=\box75
\LT@cols=\count339
\LT@rows=\count340
\c@LT@tables=\count341
\c@LT@chunks=\count342
\LT@p@ftn=\toks50
)
\glsdescwidth=\skip76
\glspagelistwidth=\skip77
)
(/usr/share/texlive/texmf-dist/tex/latex/glossaries/styles/glossary-super.sty
Package: glossary-super 2019/01/06 v4.42 (NLCT)

(/usr/share/texlive/texmf-dist/tex/latex/supertabular/supertabular.sty
Package: supertabular 2004/02/20 v4.1e the supertabular environment
\c@tracingst=\count343
\ST@wd=\dimen292
\ST@rightskip=\skip78
\ST@leftskip=\skip79
\ST@parfillskip=\skip80
\ST@pageleft=\dimen293
\ST@headht=\dimen294
\ST@tailht=\dimen295
\ST@pagesofar=\dimen296
\ST@pboxht=\dimen297
\ST@lineht=\dimen298
\ST@stretchht=\dimen299
\ST@prevht=\dimen300
\ST@toadd=\dimen301
\ST@dimen=\dimen302
\ST@pbox=\box76
))
(/usr/share/texlive/texmf-dist/tex/latex/glossaries/styles/glossary-tree.sty
Package: glossary-tree 2019/01/06 v4.42 (NLCT)
\glstreeindent=\skip81
))
\glswrite=\write7
\glo@main@file=\write8
\openout8 = `konventionen.glo'.

Package glossaries Info: Writing glossary file konventionen.glo on input line 1
3.
) (./konventionen.aux)
\openout1 = `konventionen.aux'.

LaTeX Font Info:    Checking defaults for OML/cmm/m/it on input line 24.
LaTeX Font Info:    ... okay on input line 24.
LaTeX Font Info:    Checking defaults for T1/cmr/m/n on input line 24.
LaTeX Font Info:    ... okay on input line 24.
LaTeX Font Info:    Checking defaults for OT1/cmr/m/n on input line 24.
LaTeX Font Info:    ... okay on input line 24.
LaTeX Font Info:    Checking defaults for OMS/cmsy/m/n on input line 24.
LaTeX Font Info:    ... okay on input line 24.
LaTeX Font Info:    Checking defaults for OMX/cmex/m/n on input line 24.
LaTeX Font Info:    ... okay on input line 24.
LaTeX Font Info:    Checking defaults for U/cmr/m/n on input line 24.
LaTeX Font Info:    ... okay on input line 24.
LaTeX Font Info:    Checking defaults for TS1/cmr/m/n on input line 24.
LaTeX Font Info:    Try loading font information for TS1+cmr on input line 24.
 (/usr/share/texlive/texmf-dist/tex/latex/base/ts1cmr.fd
File: ts1cmr.fd 2014/09/29 v2.5h Standard LaTeX font definitions
)
LaTeX Font Info:    ... okay on input line 24.
LaTeX Font Info:    Checking defaults for PD1/pdf/m/n on input line 24.
LaTeX Font Info:    ... okay on input line 24.
LaTeX Font Info:    Try loading font information for T1+ptm on input line 24.

(/usr/share/texlive/texmf-dist/tex/latex/psnfss/t1ptm.fd
File: t1ptm.fd 2001/06/04 font definitions for T1/ptm.
)
LaTeX Info: Redefining \microtypecontext on input line 24.
Package microtype Info: Generating PDF output.
Package microtype Info: Character protrusion enabled (level 2).
Package microtype Info: Using default protrusion set `alltext'.
Package microtype Info: Automatic font expansion enabled (level 2),
(microtype)             stretch: 20, shrink: 20, step: 1, non-selected.
Package microtype Info: Using default expansion set `basictext'.
Package microtype Info: No adjustment of tracking.
Package microtype Info: No adjustment of interword spacing.
Package microtype Info: No adjustment of character kerning.

(/usr/share/texlive/texmf-dist/tex/latex/microtype/mt-ptm.cfg
File: mt-ptm.cfg 2006/04/20 v1.7 microtype config. file: Times (RS)
)
(/usr/share/texlive/texmf-dist/tex/context/base/mkii/supp-pdf.mkii
[Loading MPS to PDF converter (version 2006.09.02).]
\scratchcounter=\count344
\scratchdimen=\dimen303
\scratchbox=\box77
\nofMPsegments=\count345
\nofMParguments=\count346
\everyMPshowfont=\toks51
\MPscratchCnt=\count347
\MPscratchDim=\dimen304
\MPnumerator=\count348
\makeMPintoPDFobject=\count349
\everyMPtoPDFconversion=\toks52
) (/usr/share/texlive/texmf-dist/tex/latex/oberdiek/epstopdf-base.sty
Package: epstopdf-base 2016/05/15 v2.6 Base part for package epstopdf

(/usr/share/texlive/texmf-dist/tex/latex/oberdiek/grfext.sty
Package: grfext 2016/05/16 v1.2 Manage graphics extensions (HO)
)
Package epstopdf-base Info: Redefining graphics rule for `.eps' on input line 4
38.
Package grfext Info: Graphics extension search list:
(grfext)             [.pdf,.jpg,.png,.eps]
(grfext)             \AppendGraphicsExtensions on input line 456.

(/usr/share/texlive/texmf-dist/tex/latex/latexconfig/epstopdf-sys.cfg
File: epstopdf-sys.cfg 2010/07/13 v1.3 Configuration of (r)epstopdf for TeX Liv
e
))
ABD: EveryShipout initializing macros
\AtBeginShipoutBox=\box78
Package hyperref Info: Link coloring OFF on input line 24.

(/usr/share/texlive/texmf-dist/tex/latex/hyperref/nameref.sty
Package: nameref 2016/05/21 v2.44 Cross-referencing by name of section

(/usr/share/texlive/texmf-dist/tex/generic/oberdiek/gettitlestring.sty
Package: gettitlestring 2016/05/16 v1.5 Cleanup title references (HO)
)
\c@section@level=\count350
)
LaTeX Info: Redefining \ref on input line 24.
LaTeX Info: Redefining \pageref on input line 24.
LaTeX Info: Redefining \nameref on input line 24.

(./konventionen.out) (./konventionen.out)
\@outlinefile=\write9
\openout9 = `konventionen.out'.

Package caption Info: Begin \AtBeginDocument code.
Package caption Info: listings package is loaded.
Package caption Info: longtable package is loaded.

(/usr/share/texlive/texmf-dist/tex/latex/caption/ltcaption.sty
Package: ltcaption 2018/08/26 v1.4-95 longtable captions (AR)
)
Package caption Info: supertabular package is loaded.
Package caption Info: End \AtBeginDocument code.

*geometry* driver: auto-detecting
*geometry* detected driver: pdftex
*geometry* verbose mode - [ preamble ] result:
* driver: pdftex
* paper: a4paper
* layout: <same size as paper>
* layoutoffset:(h,v)=(0.0pt,0.0pt)
* modes: includehead includefoot 
* h-part:(L,W,R)=(71.13188pt, 455.24411pt, 71.13188pt)
* v-part:(T,H,B)=(34.14322pt, 768.2245pt, 42.67912pt)
* \paperwidth=597.50787pt
* \paperheight=845.04684pt
* \textwidth=455.24411pt
* \textheight=701.2245pt
* \oddsidemargin=-1.1381pt
* \evensidemargin=-1.1381pt
* \topmargin=-38.12677pt
* \headheight=16.0pt
* \headsep=25.0pt
* \topskip=10.0pt
* \footskip=40.0pt
* \marginparwidth=57.0pt
* \marginparsep=11.0pt
* \columnsep=10.0pt
* \skip\footins=9.0pt plus 4.0pt minus 2.0pt
* \hoffset=0.0pt
* \voffset=0.0pt
* \mag=1000
* \@twocolumnfalse
* \@twosidefalse
* \@mparswitchfalse
* \@reversemarginfalse
* (1in=72.27pt=25.4mm, 1cm=28.453pt)

\c@lstlisting=\count351
LaTeX Font Info:    Try loading font information for OT1+lmr on input line 27.
(/usr/share/texmf/tex/latex/lm/ot1lmr.fd
File: ot1lmr.fd 2009/10/30 v1.6 Font defs for Latin Modern
)
(/usr/share/texlive/texmf-dist/tex/latex/microtype/mt-cmr.cfg
File: mt-cmr.cfg 2013/05/19 v2.2 microtype config. file: Computer Modern Roman 
(RS)
)
LaTeX Font Info:    Try loading font information for OML+lmm on input line 27.

(/usr/share/texmf/tex/latex/lm/omllmm.fd
File: omllmm.fd 2009/10/30 v1.6 Font defs for Latin Modern
)
LaTeX Font Info:    Try loading font information for OMS+lmsy on input line 27.


(/usr/share/texmf/tex/latex/lm/omslmsy.fd
File: omslmsy.fd 2009/10/30 v1.6 Font defs for Latin Modern
)
LaTeX Font Info:    Try loading font information for OMX+lmex on input line 27.


(/usr/share/texmf/tex/latex/lm/omxlmex.fd
File: omxlmex.fd 2009/10/30 v1.6 Font defs for Latin Modern
)
LaTeX Font Info:    External font `lmex10' loaded for size
(Font)              <12> on input line 27.
LaTeX Font Info:    External font `lmex10' loaded for size
(Font)              <8> on input line 27.
LaTeX Font Info:    External font `lmex10' loaded for size
(Font)              <6> on input line 27.
LaTeX Font Info:    Try loading font information for U+msa on input line 27.

(/usr/share/texlive/texmf-dist/tex/latex/amsfonts/umsa.fd
File: umsa.fd 2013/01/14 v3.01 AMS symbols A
)
(/usr/share/texlive/texmf-dist/tex/latex/microtype/mt-msa.cfg
File: mt-msa.cfg 2006/02/04 v1.1 microtype config. file: AMS symbols (a) (RS)
)
LaTeX Font Info:    Try loading font information for U+msb on input line 27.

(/usr/share/texlive/texmf-dist/tex/latex/amsfonts/umsb.fd
File: umsb.fd 2013/01/14 v3.01 AMS symbols B
)
(/usr/share/texlive/texmf-dist/tex/latex/microtype/mt-msb.cfg
File: mt-msb.cfg 2005/06/01 v1.0 microtype config. file: AMS symbols (b) (RS)
)

LaTeX Warning: No \author given.

[1

\openout7 = `konventionen.ist'.

{/var/lib/texmf/fonts/map/pdftex/updmap/pdftex.map}]
LaTeX Font Info:    Font shape `T1/ptm/bx/n' in size <10> not available
(Font)              Font shape `T1/ptm/b/n' tried instead on input line 28.
LaTeX Font Info:    External font `lmex10' loaded for size
(Font)              <10> on input line 30.
LaTeX Font Info:    External font `lmex10' loaded for size
(Font)              <7> on input line 30.
LaTeX Font Info:    External font `lmex10' loaded for size
(Font)              <5> on input line 30.
LaTeX Font Info:    Try loading font information for T1+pcr on input line 30.

(/usr/share/texlive/texmf-dist/tex/latex/psnfss/t1pcr.fd
File: t1pcr.fd 2001/06/04 font definitions for T1/pcr.
)
Package microtype Info: Loading generic protrusion settings for font family
(microtype)             `pcr' (encoding: T1).
(microtype)             For optimal results, create family-specific settings.
(microtype)             See the microtype manual for details.
pdfTeX warning (ext4): destination with the same identifier (name{page.1}) has 
been already used, duplicate ignored
<to be read again> 
                   \relax 
l.36 \end{abstract}
                    [1]
LaTeX Font Info:    Font shape `T1/ptm/bx/n' in size <24.88> not available
(Font)              Font shape `T1/ptm/b/n' tried instead on input line 49.
 (./konventionen.toc
<images/snet.png, id=272, 628.3475pt x 142.5325pt>
File: images/snet.png Graphic file (type png)
<use images/snet.png>
Package pdftex.def Info: images/snet.png  used on input line 47.
(pdftex.def)             Requested size: 91.04742pt x 20.65254pt.
<images/tub.png, id=274, 628.3475pt x 141.52875pt>
File: images/tub.png Graphic file (type png)
<use images/tub.png>
Package pdftex.def Info: images/tub.png  used on input line 47.
(pdftex.def)             Requested size: 91.04742pt x 20.5071pt.
pdfTeX warning (ext4): destination with the same identifier (name{page.1}) has 
been already used, duplicate ignored
<to be read again> 
                   \relax 
l.47 ...nbasierten Gateways}{20}{subsection.3.3.3}
                                                  % [1

 <./images/snet.png> <./images/tub.png>])
\tf@toc=\write10
\openout10 = `konventionen.toc'.

 (./konventionen.gls
LaTeX Font Info:    Try loading font information for T1+phv on input line 1.

(/usr/share/texlive/texmf-dist/tex/latex/psnfss/t1phv.fd
File: t1phv.fd 2001/06/04 scalable font definitions for T1/phv.
)
Package microtype Info: Loading generic protrusion settings for font family
(microtype)             `phv' (encoding: T1).
(microtype)             For optimal results, create family-specific settings.
(microtype)             See the microtype manual for details.
File: images/snet.png Graphic file (type png)
<use images/snet.png>
Package pdftex.def Info: images/snet.png  used on input line 1.
(pdftex.def)             Requested size: 91.04742pt x 20.65254pt.
File: images/tub.png Graphic file (type png)
<use images/tub.png>
Package pdftex.def Info: images/tub.png  used on input line 1.
(pdftex.def)             Requested size: 91.04742pt x 20.5071pt.
 [2])
File: images/snet.png Graphic file (type png)
<use images/snet.png>
Package pdftex.def Info: images/snet.png  used on input line 58.
(pdftex.def)             Requested size: 91.04742pt x 20.65254pt.
File: images/tub.png Graphic file (type png)
<use images/tub.png>
Package pdftex.def Info: images/tub.png  used on input line 58.
(pdftex.def)             Requested size: 91.04742pt x 20.5071pt.
 [3


]
Kapitel 1.
LaTeX Font Info:    Font shape `T1/ptm/bx/n' in size <20.74> not available
(Font)              Font shape `T1/ptm/b/n' tried instead on input line 58.
LaTeX Font Info:    Font shape `T1/ptm/bx/n' in size <14.4> not available
(Font)              Font shape `T1/ptm/b/n' tried instead on input line 66.
LaTeX Font Info:    Try loading font information for TS1+ptm on input line 76.
(/usr/share/texlive/texmf-dist/tex/latex/psnfss/ts1ptm.fd
File: ts1ptm.fd 2001/06/04 font definitions for TS1/ptm.
)
File: images/snet.png Graphic file (type png)
<use images/snet.png>
Package pdftex.def Info: images/snet.png  used on input line 96.
(pdftex.def)             Requested size: 91.04742pt x 20.65254pt.
File: images/tub.png Graphic file (type png)
<use images/tub.png>
Package pdftex.def Info: images/tub.png  used on input line 96.
(pdftex.def)             Requested size: 91.04742pt x 20.5071pt.
 [4

]
File: images/snet.png Graphic file (type png)
<use images/snet.png>
Package pdftex.def Info: images/snet.png  used on input line 105.
(pdftex.def)             Requested size: 91.04742pt x 20.65254pt.
File: images/tub.png Graphic file (type png)
<use images/tub.png>
Package pdftex.def Info: images/tub.png  used on input line 105.
(pdftex.def)             Requested size: 91.04742pt x 20.5071pt.
 [5]
Kapitel 2.
LaTeX Font Info:    Font shape `T1/ptm/bx/n' in size <12> not available
(Font)              Font shape `T1/ptm/b/n' tried instead on input line 113.
File: images/snet.png Graphic file (type png)
<use images/snet.png>
Package pdftex.def Info: images/snet.png  used on input line 141.
(pdftex.def)             Requested size: 91.04742pt x 20.65254pt.
File: images/tub.png Graphic file (type png)
<use images/tub.png>
Package pdftex.def Info: images/tub.png  used on input line 141.
(pdftex.def)             Requested size: 91.04742pt x 20.5071pt.
[6

]
<images/Darstellungskonventionen_Ok.pdf, id=373, 563.30347pt x 399.19942pt>
File: images/Darstellungskonventionen_Ok.pdf Graphic file (type pdf)
<use images/Darstellungskonventionen_Ok.pdf>
Package pdftex.def Info: images/Darstellungskonventionen_Ok.pdf  used on input 
line 157.
(pdftex.def)             Requested size: 423.94617pt x 231.36575pt.

Overfull \hbox (10.5pt too wide) in paragraph at lines 157--158
 [][] 
 []

<images/Darstellungskonventionen_F.pdf, id=375, 568.77496pt x 390.34431pt>
File: images/Darstellungskonventionen_F.pdf Graphic file (type pdf)
<use images/Darstellungskonventionen_F.pdf>
Package pdftex.def Info: images/Darstellungskonventionen_F.pdf  used on input l
ine 159.
(pdftex.def)             Requested size: 423.94617pt x 220.4679pt.

Overfull \hbox (10.5pt too wide) in paragraph at lines 159--160
 [][] 
 []


LaTeX Warning: `!h' float specifier changed to `!ht'.

File: images/snet.png Graphic file (type png)
<use images/snet.png>
Package pdftex.def Info: images/snet.png  used on input line 166.
(pdftex.def)             Requested size: 91.04742pt x 20.65254pt.
File: images/tub.png Graphic file (type png)
<use images/tub.png>
Package pdftex.def Info: images/tub.png  used on input line 166.
(pdftex.def)             Requested size: 91.04742pt x 20.5071pt.
[7]
File: images/snet.png Graphic file (type png)
<use images/snet.png>
Package pdftex.def Info: images/snet.png  used on input line 166.
(pdftex.def)             Requested size: 91.04742pt x 20.65254pt.
File: images/tub.png Graphic file (type png)
<use images/tub.png>
Package pdftex.def Info: images/tub.png  used on input line 166.
(pdftex.def)             Requested size: 91.04742pt x 20.5071pt.
 [8 <./images/Darstellungskonventionen_Ok.pdf> <./images/Darstellungskonvention
en_F.pdf>]
Kapitel 3.
<images/Aktivitaeten_mehrere_Sequenzfluesse_1_OK.pdf, id=569, 517.5325pt x 288.
38542pt>
File: images/Aktivitaeten_mehrere_Sequenzfluesse_1_OK.pdf Graphic file (type pd
f)
<use images/Aktivitaeten_mehrere_Sequenzfluesse_1_OK.pdf>
Package pdftex.def Info: images/Aktivitaeten_mehrere_Sequenzfluesse_1_OK.pdf  u
sed on input line 179.
(pdftex.def)             Requested size: 195.01808pt x 65.53659pt.
<images/Aktivitaeten_mehrere_Sequenzfluesse_1_F.pdf, id=571, 492.57025pt x 290.
79442pt>
File: images/Aktivitaeten_mehrere_Sequenzfluesse_1_F.pdf Graphic file (type pdf
)
<use images/Aktivitaeten_mehrere_Sequenzfluesse_1_F.pdf>
Package pdftex.def Info: images/Aktivitaeten_mehrere_Sequenzfluesse_1_F.pdf  us
ed on input line 181.
(pdftex.def)             Requested size: 195.01808pt x 71.01619pt.
File: images/snet.png Graphic file (type png)
<use images/snet.png>
Package pdftex.def Info: images/snet.png  used on input line 196.
(pdftex.def)             Requested size: 91.04742pt x 20.65254pt.
File: images/tub.png Graphic file (type png)
<use images/tub.png>
Package pdftex.def Info: images/tub.png  used on input line 196.
(pdftex.def)             Requested size: 91.04742pt x 20.5071pt.
[9

 <./images/Aktivitaeten_mehrere_Sequenzfluesse_1_OK.pdf> <./images/Aktivitaeten
_mehrere_Sequenzfluesse_1_F.pdf>]
<images/Aktivitaeten_bedingte_Sequenzfluesse_OK.pdf, id=723, 367.21089pt x 281.
64021pt>
File: images/Aktivitaeten_bedingte_Sequenzfluesse_OK.pdf Graphic file (type pdf
)
<use images/Aktivitaeten_bedingte_Sequenzfluesse_OK.pdf>
Package pdftex.def Info: images/Aktivitaeten_bedingte_Sequenzfluesse_OK.pdf  us
ed on input line 202.
(pdftex.def)             Requested size: 195.01808pt x 98.4876pt.
<images/Aktivitaeten_bedingte_Sequenzfluesse_F.pdf, id=725, 362.87471pt x 287.4
218pt>
File: images/Aktivitaeten_bedingte_Sequenzfluesse_F.pdf Graphic file (type pdf)

<use images/Aktivitaeten_bedingte_Sequenzfluesse_F.pdf>
Package pdftex.def Info: images/Aktivitaeten_bedingte_Sequenzfluesse_F.pdf  use
d on input line 204.
(pdftex.def)             Requested size: 195.01808pt x 104.58653pt.
<images/Aktivitaeten_Nachrichtenfluss_OK.pdf, id=728, 299.2771pt x 239.2418pt>
File: images/Aktivitaeten_Nachrichtenfluss_OK.pdf Graphic file (type pdf)
<use images/Aktivitaeten_Nachrichtenfluss_OK.pdf>
Package pdftex.def Info: images/Aktivitaeten_Nachrichtenfluss_OK.pdf  used on i
nput line 212.
(pdftex.def)             Requested size: 195.01808pt x 90.2355pt.
<images/Aktivitaeten_Nachrichtenfluss_F.pdf, id=730, 308.43129pt x 239.2418pt>
File: images/Aktivitaeten_Nachrichtenfluss_F.pdf Graphic file (type pdf)
<use images/Aktivitaeten_Nachrichtenfluss_F.pdf>
Package pdftex.def Info: images/Aktivitaeten_Nachrichtenfluss_F.pdf  used on in
put line 214.
(pdftex.def)             Requested size: 195.01808pt x 86.11003pt.
File: images/snet.png Graphic file (type png)
<use images/snet.png>
Package pdftex.def Info: images/snet.png  used on input line 218.
(pdftex.def)             Requested size: 91.04742pt x 20.65254pt.
File: images/tub.png Graphic file (type png)
<use images/tub.png>
Package pdftex.def Info: images/tub.png  used on input line 218.
(pdftex.def)             Requested size: 91.04742pt x 20.5071pt.
 [10 <./images/Aktivitaeten_bedingte_Sequenzfluesse_OK.pdf> <./images/Aktivitae
ten_bedingte_Sequenzfluesse_F.pdf> <./images/Aktivitaeten_Nachrichtenfluss_OK.p
df> <./images/Aktivitaeten_Nachrichtenfluss_F.pdf>]
<images/Teilprozess_eingebettet_Startereignis_OK.pdf, id=948, 514.15991pt x 291
.2762pt>
File: images/Teilprozess_eingebettet_Startereignis_OK.pdf Graphic file (type pd
f)
<use images/Teilprozess_eingebettet_Startereignis_OK.pdf>
Package pdftex.def Info: images/Teilprozess_eingebettet_Startereignis_OK.pdf  u
sed on input line 223.
(pdftex.def)             Requested size: 195.01808pt x 67.47089pt.
<images/Teilprozess_eingebettet_Startereignis_F.pdf, id=950, 518.01428pt x 291.
2762pt>
File: images/Teilprozess_eingebettet_Startereignis_F.pdf Graphic file (type pdf
)
<use images/Teilprozess_eingebettet_Startereignis_F.pdf>
Package pdftex.def Info: images/Teilprozess_eingebettet_Startereignis_F.pdf  us
ed on input line 225.
(pdftex.def)             Requested size: 195.01808pt x 66.83426pt.
<images/Schleife_Standard_OK.pdf, id=954, 442.8535pt x 287.4218pt>
File: images/Schleife_Standard_OK.pdf Graphic file (type pdf)
<use images/Schleife_Standard_OK.pdf>
Package pdftex.def Info: images/Schleife_Standard_OK.pdf  used on input line 24
2.
(pdftex.def)             Requested size: 195.01808pt x 79.5995pt.
<images/Schleife_Mehrfachaktivitaeten_OK.pdf, id=956, 442.8535pt x 287.4218pt>
File: images/Schleife_Mehrfachaktivitaeten_OK.pdf Graphic file (type pdf)
<use images/Schleife_Mehrfachaktivitaeten_OK.pdf>
Package pdftex.def Info: images/Schleife_Mehrfachaktivitaeten_OK.pdf  used on i
nput line 244.
(pdftex.def)             Requested size: 195.01808pt x 79.5995pt.
File: images/snet.png Graphic file (type png)
<use images/snet.png>
Package pdftex.def Info: images/snet.png  used on input line 248.
(pdftex.def)             Requested size: 91.04742pt x 20.65254pt.
File: images/tub.png Graphic file (type png)
<use images/tub.png>
Package pdftex.def Info: images/tub.png  used on input line 248.
(pdftex.def)             Requested size: 91.04742pt x 20.5071pt.
 [11 <./images/Teilprozess_eingebettet_Startereignis_OK.pdf> <./images/Teilproz
ess_eingebettet_Startereignis_F.pdf> <./images/Schleife_Standard_OK.pdf> <./ima
ges/Schleife_Mehrfachaktivitaeten_OK.pdf>]
<images/Mehrfachaktivitaet_Anzahl.pdf, id=1212, 442.8535pt x 295.6124pt>
File: images/Mehrfachaktivitaet_Anzahl.pdf Graphic file (type pdf)
<use images/Mehrfachaktivitaet_Anzahl.pdf>
Package pdftex.def Info: images/Mehrfachaktivitaet_Anzahl.pdf  used on input li
ne 255.
(pdftex.def)             Requested size: 339.15822pt x 146.73265pt.
<images/Aktivitaeten_Typisierung_ohne.pdf, id=1215, 374.91971pt x 310.5482pt>
File: images/Aktivitaeten_Typisierung_ohne.pdf Graphic file (type pdf)
<use images/Aktivitaeten_Typisierung_ohne.pdf>
Package pdftex.def Info: images/Aktivitaeten_Typisierung_ohne.pdf  used on inpu
t line 263.
(pdftex.def)             Requested size: 195.01808pt x 116.76909pt.
<images/Aktivitaeten_Typisierung_mit.pdf, id=1217, 374.91971pt x 310.5482pt>
File: images/Aktivitaeten_Typisierung_mit.pdf Graphic file (type pdf)
<use images/Aktivitaeten_Typisierung_mit.pdf>
Package pdftex.def Info: images/Aktivitaeten_Typisierung_mit.pdf  used on input
 line 265.
(pdftex.def)             Requested size: 195.01808pt x 116.76909pt.
File: images/snet.png Graphic file (type png)
<use images/snet.png>
Package pdftex.def Info: images/snet.png  used on input line 268.
(pdftex.def)             Requested size: 91.04742pt x 20.65254pt.
File: images/tub.png Graphic file (type png)
<use images/tub.png>
Package pdftex.def Info: images/tub.png  used on input line 268.
(pdftex.def)             Requested size: 91.04742pt x 20.5071pt.
 [12

 <./images/Mehrfachaktivitaet_Anzahl.pdf> <./images/Aktivitaeten_Typisierung_oh
ne.pdf> <./images/Aktivitaeten_Typisierung_mit.pdf>]
Overfull \hbox (3.234pt too wide) in paragraph at lines 272--274
\T1/ptm/m/n/10 (-20) Bei der Mo-del-lie-rung ei-nes auf-ge-klapp-ten Trans-ak-t
i-ons-teil-pro-zes-ses muss die-ser min-des-tens ein Abbruch-Endereignis
 []

<images/Transaktionsunterprozess_OK.pdf, id=1372, 531.65428pt x 338.4926pt>
File: images/Transaktionsunterprozess_OK.pdf Graphic file (type pdf)
<use images/Transaktionsunterprozess_OK.pdf>
Package pdftex.def Info: images/Transaktionsunterprozess_OK.pdf  used on input 
line 276.
(pdftex.def)             Requested size: 195.01808pt x 86.42288pt.
<images/Transaktionsunterprozess_F.pdf, id=1374, 528.98831pt x 338.4926pt>
File: images/Transaktionsunterprozess_F.pdf Graphic file (type pdf)
<use images/Transaktionsunterprozess_F.pdf>
Package pdftex.def Info: images/Transaktionsunterprozess_F.pdf  used on input l
ine 278.
(pdftex.def)             Requested size: 195.01808pt x 86.97276pt.
File: images/snet.png Graphic file (type png)
<use images/snet.png>
Package pdftex.def Info: images/snet.png  used on input line 290.
(pdftex.def)             Requested size: 91.04742pt x 20.65254pt.
File: images/tub.png Graphic file (type png)
<use images/tub.png>
Package pdftex.def Info: images/tub.png  used on input line 290.
(pdftex.def)             Requested size: 91.04742pt x 20.5071pt.
[13

 <./images/Transaktionsunterprozess_OK.pdf> <./images/Transaktionsunterprozess_
F.pdf>]
Underfull \hbox (badness 10000) in paragraph at lines 295--297

 []

<images/Ereignisbeschriftung_ok.pdf, id=1634, 476.57951pt x 303.05821pt>
File: images/Ereignisbeschriftung_ok.pdf Graphic file (type pdf)
<use images/Ereignisbeschriftung_ok.pdf>
Package pdftex.def Info: images/Ereignisbeschriftung_ok.pdf  used on input line
 301.
(pdftex.def)             Requested size: 195.01808pt x 80.5875pt.
<images/Ereignisbeschriftung_falsch.pdf, id=1636, 460.68011pt x 301.61281pt>
File: images/Ereignisbeschriftung_falsch.pdf Graphic file (type pdf)
<use images/Ereignisbeschriftung_falsch.pdf>
Package pdftex.def Info: images/Ereignisbeschriftung_falsch.pdf  used on input 
line 303.
(pdftex.def)             Requested size: 195.01808pt x 83.42387pt.
<images/Ausloesendes_Nachrichtenereignis_ok.pdf, id=1639, 464.1842pt x 269.2228
2pt>
File: images/Ausloesendes_Nachrichtenereignis_ok.pdf Graphic file (type pdf)
<use images/Ausloesendes_Nachrichtenereignis_ok.pdf>
Package pdftex.def Info: images/Ausloesendes_Nachrichtenereignis_ok.pdf  used o
n input line 312.
(pdftex.def)             Requested size: 195.01808pt x 64.86012pt.
<images/Ausloesendes_Nachrichtenereignis_falsch.pdf, id=1641, 399.98433pt x 261
.69969pt>
File: images/Ausloesendes_Nachrichtenereignis_falsch.pdf Graphic file (type pdf
)
<use images/Ausloesendes_Nachrichtenereignis_falsch.pdf>
Package pdftex.def Info: images/Ausloesendes_Nachrichtenereignis_falsch.pdf  us
ed on input line 314.
(pdftex.def)             Requested size: 195.01808pt x 74.10132pt.
File: images/snet.png Graphic file (type png)
<use images/snet.png>
Package pdftex.def Info: images/snet.png  used on input line 318.
(pdftex.def)             Requested size: 91.04742pt x 20.65254pt.
File: images/tub.png Graphic file (type png)
<use images/tub.png>
Package pdftex.def Info: images/tub.png  used on input line 318.
(pdftex.def)             Requested size: 91.04742pt x 20.5071pt.
[14

 <./images/Ereignisbeschriftung_ok.pdf> <./images/Ereignisbeschriftung_falsch.p
df> <./images/Ausloesendes_Nachrichtenereignis_ok.pdf> <./images/Ausloesendes_N
achrichtenereignis_falsch.pdf>]
<images/Eingehendes_Nachrichtenereignis_ok.pdf, id=1893, 323.22256pt x 251.2426
5pt>
File: images/Eingehendes_Nachrichtenereignis_ok.pdf Graphic file (type pdf)
<use images/Eingehendes_Nachrichtenereignis_ok.pdf>
Package pdftex.def Info: images/Eingehendes_Nachrichtenereignis_ok.pdf  used on
 input line 334.
(pdftex.def)             Requested size: 195.01808pt x 91.06769pt.
<images/Eingehendes_Nachrichtenereignis_falsch.pdf, id=1895, 348.64354pt x 262.
587pt>
File: images/Eingehendes_Nachrichtenereignis_falsch.pdf Graphic file (type pdf)

<use images/Eingehendes_Nachrichtenereignis_falsch.pdf>
Package pdftex.def Info: images/Eingehendes_Nachrichtenereignis_falsch.pdf  use
d on input line 336.
(pdftex.def)             Requested size: 195.01808pt x 90.63942pt.
<images/Eingehendes_Nachrichtenereignis_ok_Ausnahmen.pdf, id=1897, 452.05588pt 
x 308.57686pt>
File: images/Eingehendes_Nachrichtenereignis_ok_Ausnahmen.pdf Graphic file (typ
e pdf)
<use images/Eingehendes_Nachrichtenereignis_ok_Ausnahmen.pdf>
Package pdftex.def Info: images/Eingehendes_Nachrichtenereignis_ok_Ausnahmen.pd
f  used on input line 337.
(pdftex.def)             Requested size: 195.01808pt x 89.46451pt.
File: images/snet.png Graphic file (type png)
<use images/snet.png>
Package pdftex.def Info: images/snet.png  used on input line 343.
(pdftex.def)             Requested size: 91.04742pt x 20.65254pt.
File: images/tub.png Graphic file (type png)
<use images/tub.png>
Package pdftex.def Info: images/tub.png  used on input line 343.
(pdftex.def)             Requested size: 91.04742pt x 20.5071pt.
 [15

 <./images/Eingehendes_Nachrichtenereignis_ok.pdf> <./images/Eingehendes_Nachri
chtenereignis_falsch.pdf> <./images/Eingehendes_Nachrichtenereignis_ok_Ausnahme
n.pdf>]
<images/Startereignis_Min_One_OK.pdf, id=2067, 331.59283pt x 237.37985pt>
File: images/Startereignis_Min_One_OK.pdf Graphic file (type pdf)
<use images/Startereignis_Min_One_OK.pdf>
Package pdftex.def Info: images/Startereignis_Min_One_OK.pdf  used on input lin
e 353.
(pdftex.def)             Requested size: 195.01808pt x 75.55673pt.
<images/Startereignis_Min_One_F.pdf, id=2069, 331.27162pt x 235.12442pt>
File: images/Startereignis_Min_One_F.pdf Graphic file (type pdf)
<use images/Startereignis_Min_One_F.pdf>
Package pdftex.def Info: images/Startereignis_Min_One_F.pdf  used on input line
 355.
(pdftex.def)             Requested size: 195.01808pt x 73.69655pt.
<images/Startereignis_Only_One_None_OK.pdf, id=2072, 369.65501pt x 263.3318pt>
File: images/Startereignis_Only_One_None_OK.pdf Graphic file (type pdf)
<use images/Startereignis_Only_One_None_OK.pdf>
Package pdftex.def Info: images/Startereignis_Only_One_None_OK.pdf  used on inp
ut line 365.
(pdftex.def)             Requested size: 195.01808pt x 83.9113pt.
<images/Startereignis_Only_One_None_F.pdf, id=2074, 375.007pt x 246.68762pt>
File: images/Startereignis_Only_One_None_F.pdf Graphic file (type pdf)
<use images/Startereignis_Only_One_None_F.pdf>
Package pdftex.def Info: images/Startereignis_Only_One_None_F.pdf  used on inpu
t line 367.
(pdftex.def)             Requested size: 195.01808pt x 70.06937pt.
File: images/snet.png Graphic file (type png)
<use images/snet.png>
Package pdftex.def Info: images/snet.png  used on input line 371.
(pdftex.def)             Requested size: 91.04742pt x 20.65254pt.
File: images/tub.png Graphic file (type png)
<use images/tub.png>
Package pdftex.def Info: images/tub.png  used on input line 371.
(pdftex.def)             Requested size: 91.04742pt x 20.5071pt.
 [16

 <./images/Startereignis_Min_One_OK.pdf> <./images/Startereignis_Min_One_F.pdf>
 <./images/Startereignis_Only_One_None_OK.pdf> <./images/Startereignis_Only_One
_None_F.pdf>]
<images/Untypisierte_Zwischenereignisse.pdf, id=2296, 463.22058pt x 262.21461pt
>
File: images/Untypisierte_Zwischenereignisse.pdf Graphic file (type pdf)
<use images/Untypisierte_Zwischenereignisse.pdf>
Package pdftex.def Info: images/Untypisierte_Zwischenereignisse.pdf  used on in
put line 379.
(pdftex.def)             Requested size: 339.15822pt x 106.4132pt.
<images/Ausloesendes_Kompensationsereignis_ok.pdf, id=2298, 708.8071pt x 489.01
596pt>
File: images/Ausloesendes_Kompensationsereignis_ok.pdf Graphic file (type pdf)
<use images/Ausloesendes_Kompensationsereignis_ok.pdf>
Package pdftex.def Info: images/Ausloesendes_Kompensationsereignis_ok.pdf  used
 on input line 394.
(pdftex.def)             Requested size: 339.15822pt x 190.96875pt.
File: images/snet.png Graphic file (type png)
<use images/snet.png>
Package pdftex.def Info: images/snet.png  used on input line 402.
(pdftex.def)             Requested size: 91.04742pt x 20.65254pt.
File: images/tub.png Graphic file (type png)
<use images/tub.png>
Package pdftex.def Info: images/tub.png  used on input line 402.
(pdftex.def)             Requested size: 91.04742pt x 20.5071pt.
 [17

 <./images/Untypisierte_Zwischenereignisse.pdf> <./images/Ausloesendes_Kompensa
tionsereignis_ok.pdf>]
<images/Endereignis_Min_One_OK.pdf, id=2473, 356.83012pt x 246.68762pt>
File: images/Endereignis_Min_One_OK.pdf Graphic file (type pdf)
<use images/Endereignis_Min_One_OK.pdf>
Package pdftex.def Info: images/Endereignis_Min_One_OK.pdf  used on input line 
411.
(pdftex.def)             Requested size: 195.01808pt x 75.18887pt.
<images/Endereignis_Min_One_F.pdf, id=2475, 356.83012pt x 246.68762pt>
File: images/Endereignis_Min_One_F.pdf Graphic file (type pdf)
<use images/Endereignis_Min_One_F.pdf>
Package pdftex.def Info: images/Endereignis_Min_One_F.pdf  used on input line 4
13.
(pdftex.def)             Requested size: 195.01808pt x 75.18887pt.
<images/Endereignis_Multiple_OK.pdf, id=2477, 381.06265pt x 282.38498pt>
File: images/Endereignis_Multiple_OK.pdf Graphic file (type pdf)
<use images/Endereignis_Multiple_OK.pdf>
Package pdftex.def Info: images/Endereignis_Multiple_OK.pdf  used on input line
 421.
(pdftex.def)             Requested size: 195.01808pt x 94.0186pt.
<images/Endereignis_Multiple_F.pdf, id=2479, 396.96205pt x 274.15022pt>
File: images/Endereignis_Multiple_F.pdf Graphic file (type pdf)
<use images/Endereignis_Multiple_F.pdf>
Package pdftex.def Info: images/Endereignis_Multiple_F.pdf  used on input line 
423.
(pdftex.def)             Requested size: 195.01808pt x 83.28632pt.
File: images/snet.png Graphic file (type png)
<use images/snet.png>
Package pdftex.def Info: images/snet.png  used on input line 432.
(pdftex.def)             Requested size: 91.04742pt x 20.65254pt.
File: images/tub.png Graphic file (type png)
<use images/tub.png>
Package pdftex.def Info: images/tub.png  used on input line 432.
(pdftex.def)             Requested size: 91.04742pt x 20.5071pt.
 [18

 <./images/Endereignis_Min_One_OK.pdf> <./images/Endereignis_Min_One_F.pdf> <./
images/Endereignis_Multiple_OK.pdf> <./images/Endereignis_Multiple_F.pdf>]
<images/Gateways_Sequenzfluesse_OK.pdf, id=2694, 431.29028pt x 279.94185pt>
File: images/Gateways_Sequenzfluesse_OK.pdf Graphic file (type pdf)
<use images/Gateways_Sequenzfluesse_OK.pdf>
Package pdftex.def Info: images/Gateways_Sequenzfluesse_OK.pdf  used on input l
ine 443.
(pdftex.def)             Requested size: 195.01808pt x 77.93327pt.
<images/Gateways_Sequenzfluesse_F.pdf, id=2696, 419.60564pt x 279.94185pt>
File: images/Gateways_Sequenzfluesse_F.pdf Graphic file (type pdf)
<use images/Gateways_Sequenzfluesse_F.pdf>
Package pdftex.def Info: images/Gateways_Sequenzfluesse_F.pdf  used on input li
ne 445.
(pdftex.def)             Requested size: 195.01808pt x 80.85362pt.
<images/Gateways_Aktivitaet_davor_OK.pdf, id=2698, 414.42729pt x 269.59521pt>
File: images/Gateways_Aktivitaet_davor_OK.pdf Graphic file (type pdf)
<use images/Gateways_Aktivitaet_davor_OK.pdf>
Package pdftex.def Info: images/Gateways_Aktivitaet_davor_OK.pdf  used on input
 line 454.
(pdftex.def)             Requested size: 195.01808pt x 75.63559pt.
<images/Gateways_Aktivitaet_davor_F.pdf, id=2700, 367.21089pt x 269.59521pt>
File: images/Gateways_Aktivitaet_davor_F.pdf Graphic file (type pdf)
<use images/Gateways_Aktivitaet_davor_F.pdf>
Package pdftex.def Info: images/Gateways_Aktivitaet_davor_F.pdf  used on input 
line 456.
(pdftex.def)             Requested size: 195.01808pt x 89.42097pt.
File: images/snet.png Graphic file (type png)
<use images/snet.png>
Package pdftex.def Info: images/snet.png  used on input line 462.
(pdftex.def)             Requested size: 91.04742pt x 20.65254pt.
File: images/tub.png Graphic file (type png)
<use images/tub.png>
Package pdftex.def Info: images/tub.png  used on input line 462.
(pdftex.def)             Requested size: 91.04742pt x 20.5071pt.
 [19

 <./images/Gateways_Sequenzfluesse_OK.pdf> <./images/Gateways_Sequenzfluesse_F.
pdf> <./images/Gateways_Aktivitaet_davor_OK.pdf> <./images/Gateways_Aktivitaet_
davor_F.pdf>]
<images/Gateways_Bedingungen_OK.pdf, id=2944, 372.9925pt x 269.59521pt>
File: images/Gateways_Bedingungen_OK.pdf Graphic file (type pdf)
<use images/Gateways_Bedingungen_OK.pdf>
Package pdftex.def Info: images/Gateways_Bedingungen_OK.pdf  used on input line
 471.
(pdftex.def)             Requested size: 195.01808pt x 87.46872pt.
<images/Gateways_Bedingungen_F.pdf, id=2946, 384.0739pt x 269.59521pt>
File: images/Gateways_Bedingungen_F.pdf Graphic file (type pdf)
<use images/Gateways_Bedingungen_F.pdf>
Package pdftex.def Info: images/Gateways_Bedingungen_F.pdf  used on input line 
473.
(pdftex.def)             Requested size: 195.01808pt x 83.95758pt.
<images/Gateways_komplexe_Verzweigung_OK.pdf, id=2948, 442.37169pt x 307.17561p
t>
File: images/Gateways_komplexe_Verzweigung_OK.pdf Graphic file (type pdf)
<use images/Gateways_komplexe_Verzweigung_OK.pdf>
Package pdftex.def Info: images/Gateways_komplexe_Verzweigung_OK.pdf  used on i
nput line 484.
(pdftex.def)             Requested size: 195.01808pt x 91.23503pt.
<images/Gateways_komplexe_Verzweigung_F.pdf, id=2950, 408.64569pt x 307.17561pt
>
File: images/Gateways_komplexe_Verzweigung_F.pdf Graphic file (type pdf)
<use images/Gateways_komplexe_Verzweigung_F.pdf>
Package pdftex.def Info: images/Gateways_komplexe_Verzweigung_F.pdf  used on in
put line 486.
(pdftex.def)             Requested size: 195.01808pt x 101.47856pt.
File: images/snet.png Graphic file (type png)
<use images/snet.png>
Package pdftex.def Info: images/snet.png  used on input line 490.
(pdftex.def)             Requested size: 91.04742pt x 20.65254pt.
File: images/tub.png Graphic file (type png)
<use images/tub.png>
Package pdftex.def Info: images/tub.png  used on input line 490.
(pdftex.def)             Requested size: 91.04742pt x 20.5071pt.
 [20 <./images/Gateways_Bedingungen_OK.pdf> <./images/Gateways_Bedingungen_F.pd
f> <./images/Gateways_komplexe_Verzweigung_OK.pdf> <./images/Gateways_komplexe_
Verzweigung_F.pdf>]
<images/Gateways_horizontale_Linie_OK.pdf, id=3221, 409.6093pt x 271.04062pt>
File: images/Gateways_horizontale_Linie_OK.pdf Graphic file (type pdf)
<use images/Gateways_horizontale_Linie_OK.pdf>
Package pdftex.def Info: images/Gateways_horizontale_Linie_OK.pdf  used on inpu
t line 497.
(pdftex.def)             Requested size: 195.01808pt x 77.7778pt.
<images/Gateways_horizontale_Linie_F.pdf, id=3223, 425.02689pt x 271.04062pt>
File: images/Gateways_horizontale_Linie_F.pdf Graphic file (type pdf)
<use images/Gateways_horizontale_Linie_F.pdf>
Package pdftex.def Info: images/Gateways_horizontale_Linie_F.pdf  used on input
 line 499.
(pdftex.def)             Requested size: 195.01808pt x 73.99641pt.
<images/Gateways_komplex_OK.pdf, id=3225, 352.51701pt x 284.16264pt>
File: images/Gateways_komplex_OK.pdf Graphic file (type pdf)
<use images/Gateways_komplex_OK.pdf>
Package pdftex.def Info: images/Gateways_komplex_OK.pdf  used on input line 509
.
(pdftex.def)             Requested size: 195.01808pt x 106.41995pt.
<images/Gateways_komplex_F.pdf, id=3227, 315.6583pt x 278.26761pt>
File: images/Gateways_komplex_F.pdf Graphic file (type pdf)
<use images/Gateways_komplex_F.pdf>
Package pdftex.def Info: images/Gateways_komplex_F.pdf  used on input line 511.

(pdftex.def)             Requested size: 195.01808pt x 119.78105pt.
File: images/snet.png Graphic file (type png)
<use images/snet.png>
Package pdftex.def Info: images/snet.png  used on input line 515.
(pdftex.def)             Requested size: 91.04742pt x 20.65254pt.
File: images/tub.png Graphic file (type png)
<use images/tub.png>
Package pdftex.def Info: images/tub.png  used on input line 515.
(pdftex.def)             Requested size: 91.04742pt x 20.5071pt.
 [21

 <./images/Gateways_horizontale_Linie_OK.pdf> <./images/Gateways_horizontale_Li
nie_F.pdf> <./images/Gateways_komplex_OK.pdf> <./images/Gateways_komplex_F.pdf>
]
<images/Gateways_instanziierend_ereignisbasiert_OK.pdf, id=3465, 406.2367pt x 2
71.04062pt>
File: images/Gateways_instanziierend_ereignisbasiert_OK.pdf Graphic file (type 
pdf)
<use images/Gateways_instanziierend_ereignisbasiert_OK.pdf>
Package pdftex.def Info: images/Gateways_instanziierend_ereignisbasiert_OK.pdf 
 used on input line 521.
(pdftex.def)             Requested size: 195.01808pt x 78.65846pt.
<images/Gateways_instanziierend_ereignisbasiert_F.pdf, id=3467, 429.3631pt x 27
1.04062pt>
File: images/Gateways_instanziierend_ereignisbasiert_F.pdf Graphic file (type p
df)
<use images/Gateways_instanziierend_ereignisbasiert_F.pdf>
Package pdftex.def Info: images/Gateways_instanziierend_ereignisbasiert_F.pdf  
used on input line 523.
(pdftex.def)             Requested size: 195.01808pt x 72.99649pt.
File: images/snet.png Graphic file (type png)
<use images/snet.png>
Package pdftex.def Info: images/snet.png  used on input line 539.
(pdftex.def)             Requested size: 91.04742pt x 20.65254pt.
File: images/tub.png Graphic file (type png)
<use images/tub.png>
Package pdftex.def Info: images/tub.png  used on input line 539.
(pdftex.def)             Requested size: 91.04742pt x 20.5071pt.
 [22

 <./images/Gateways_instanziierend_ereignisbasiert_OK.pdf> <./images/Gateways_i
nstanziierend_ereignisbasiert_F.pdf>]
Kapitel 4.
<images/CMMN_Task_Type_OK.pdf, id=3593, 298.716pt x 201.3924pt>
File: images/CMMN_Task_Type_OK.pdf Graphic file (type pdf)
<use images/CMMN_Task_Type_OK.pdf>
Package pdftex.def Info: images/CMMN_Task_Type_OK.pdf  used on input line 559.
(pdftex.def)             Requested size: 195.01808pt x 131.48428pt.
File: images/CMMN_Task_Type_OK.pdf Graphic file (type pdf)
<use images/CMMN_Task_Type_OK.pdf>
Package pdftex.def Info: images/CMMN_Task_Type_OK.pdf  used on input line 561.
(pdftex.def)             Requested size: 195.01808pt x 131.48428pt.
File: images/snet.png Graphic file (type png)
<use images/snet.png>
Package pdftex.def Info: images/snet.png  used on input line 587.
(pdftex.def)             Requested size: 91.04742pt x 20.65254pt.
File: images/tub.png Graphic file (type png)
<use images/tub.png>
Package pdftex.def Info: images/tub.png  used on input line 587.
(pdftex.def)             Requested size: 91.04742pt x 20.5071pt.
[23

 <./images/CMMN_Task_Type_OK.pdf>]
<images/CMMN_Task_Entry_Sentry_OK.pdf, id=3607, 260.89471pt x 152.4897pt>
File: images/CMMN_Task_Entry_Sentry_OK.pdf Graphic file (type pdf)
<use images/CMMN_Task_Entry_Sentry_OK.pdf>
Package pdftex.def Info: images/CMMN_Task_Entry_Sentry_OK.pdf  used on input li
ne 659.
(pdftex.def)             Requested size: 195.01808pt x 113.98538pt.
<images/CMMN_Task_Entry_Sentry_F.pdf, id=3608, 260.89471pt x 152.4897pt>
File: images/CMMN_Task_Entry_Sentry_F.pdf Graphic file (type pdf)
<use images/CMMN_Task_Entry_Sentry_F.pdf>
Package pdftex.def Info: images/CMMN_Task_Entry_Sentry_F.pdf  used on input lin
e 661.
(pdftex.def)             Requested size: 195.01808pt x 113.98538pt.
File: images/snet.png Graphic file (type png)
<use images/snet.png>
Package pdftex.def Info: images/snet.png  used on input line 666.
(pdftex.def)             Requested size: 91.04742pt x 20.65254pt.
File: images/tub.png Graphic file (type png)
<use images/tub.png>
Package pdftex.def Info: images/tub.png  used on input line 666.
(pdftex.def)             Requested size: 91.04742pt x 20.5071pt.
 [24]
<images/CMMN_Task_Exit_Sentry_OK.pdf, id=3615, 492.1587pt x 339.66899pt>
File: images/CMMN_Task_Exit_Sentry_OK.pdf Graphic file (type pdf)
<use images/CMMN_Task_Exit_Sentry_OK.pdf>
Package pdftex.def Info: images/CMMN_Task_Exit_Sentry_OK.pdf  used on input lin
e 672.
(pdftex.def)             Requested size: 195.01808pt x 134.59018pt.
<images/CMMN_Task_Exit_Sentry_F.pdf, id=3616, 492.1587pt x 339.66899pt>
File: images/CMMN_Task_Exit_Sentry_F.pdf Graphic file (type pdf)
<use images/CMMN_Task_Exit_Sentry_F.pdf>
Package pdftex.def Info: images/CMMN_Task_Exit_Sentry_F.pdf  used on input line
 674.
(pdftex.def)             Requested size: 195.01808pt x 134.59018pt.
File: images/snet.png Graphic file (type png)
<use images/snet.png>
Package pdftex.def Info: images/snet.png  used on input line 680.
(pdftex.def)             Requested size: 91.04742pt x 20.65254pt.
File: images/tub.png Graphic file (type png)
<use images/tub.png>
Package pdftex.def Info: images/tub.png  used on input line 680.
(pdftex.def)             Requested size: 91.04742pt x 20.5071pt.
 [25 <./images/CMMN_Task_Entry_Sentry_OK.pdf> <./images/CMMN_Task_Entry_Sentry_
F.pdf> <./images/CMMN_Task_Exit_Sentry_OK.pdf> <./images/CMMN_Task_Exit_Sentry_
F.pdf>]
Package atveryend Info: Empty hook `BeforeClearDocument' on input line 680.
Package atveryend Info: Empty hook `AfterLastShipout' on input line 680.
 (./konventionen.aux)
Package atveryend Info: Executing hook `AtVeryEndDocument' on input line 680.
Package atveryend Info: Executing hook `AtEndAfterFileList' on input line 680.
Package rerunfilecheck Info: File `konventionen.out' has not changed.
(rerunfilecheck)             Checksum: 0C6AEDA420EB45E53E2D6D824B44463D;4202.
Package atveryend Info: Empty hook `AtVeryVeryEnd' on input line 680.
 ) 
Here is how much of TeX's memory you used:
 42172 strings out of 494508
 802206 string characters out of 6175045
 1033002 words of memory out of 5000000
 44722 multiletter control sequences out of 15000+600000
 616276 words of font info for 214 fonts, out of 8000000 for 9000
 14 hyphenation exceptions out of 8191
 69i,17n,94p,1997b,740s stack positions out of 5000i,500n,10000p,200000b,80000s
{/usr/share/texlive/texmf-dist/fonts/enc/dvips/base/8r.enc}</usr/share/texliv
e/texmf-dist/fonts/type1/urw/courier/ucrr8a.pfb></usr/share/texlive/texmf-dist/
fonts/type1/urw/times/utmb8a.pfb></usr/share/texlive/texmf-dist/fonts/type1/urw
/times/utmr8a.pfb></usr/share/texlive/texmf-dist/fonts/type1/urw/times/utmr8a.p
fb></usr/share/texlive/texmf-dist/fonts/type1/urw/times/utmri8a.pfb>
Output written on konventionen.pdf (27 pages, 2262781 bytes).
PDF statistics:
 3705 PDF objects out of 4296 (max. 8388607)
 2966 compressed objects within 30 object streams
 182 named destinations out of 1000 (max. 500000)
 37912 words of extra memory for PDF output out of 42996 (max. 10000000)

